#
# A fatal error has been detected by the Java Runtime Environment:
#
#  EXCEPTION_ACCESS_VIOLATION (0xc0000005) at pc=0x00007ffed58c7e98, pid=30064, tid=15168
#
# JRE version: OpenJDK Runtime Environment Temurin-21.0.6+7 (21.0.6+7) (build 21.0.6+7-LTS)
# Java VM: OpenJDK 64-Bit Server VM Temurin-21.0.6+7 (21.0.6+7-LTS, mixed mode, emulated-client, sharing, tiered, compressed oops, compressed class ptrs, g1 gc, windows-amd64)
# Problematic frame:
# V  [jvm.dll+0x357e98]
#
# No core dump will be written. Minidumps are not enabled by default on client versions of Windows
#
# If you would like to submit a bug report, please visit:
#   https://github.com/adoptium/adoptium-support/issues
#

---------------  S U M M A R Y ------------

Command Line: -XX:+ShowCodeDetailsInExceptionMessages -agentlib:jdwp=transport=dt_socket,suspend=y,address=localhost:22097 -Dcom.sun.management.jmxremote -Dcom.sun.management.jmxremote.port=22096 -Dcom.sun.management.jmxremote.authenticate=false -Dcom.sun.management.jmxremote.ssl=false -Djava.rmi.server.hostname=localhost -Dspring.jmx.enabled=true -Dmanagement.endpoints.jmx.exposure.include=* -Dspring.application.admin.enabled=true -Dspring.output.ansi.enabled=always -XX:TieredStopAtLevel=1 -Dspring.boot.project.name=Motos -javaagent:D:\sts-4.29.1.RELEASE\configuration\org.eclipse.osgi\270\0\.cp\lib\javaagent-shaded.jar -Dfile.encoding=UTF-8 -Dstdout.encoding=UTF-8 -Dstderr.encoding=UTF-8 com.formacion.motos.MotosApplication

Host: Intel(R) Core(TM) i5-10300H CPU @ 2.50GHz, 8 cores, 31G,  Windows 10 , 64 bit Build 19041 (10.0.19041.5438)
Time: Tue Apr  1 10:25:35 2025 Hora de verano romance elapsed time: 921.670389 seconds (0d 0h 15m 21s)

---------------  T H R E A D  ---------------

Current thread (0x000002536f47dc20):  WorkerThread "GC Thread#2"    [id=15168, stack(0x0000009086500000,0x0000009086600000) (1024K)]

Stack: [0x0000009086500000,0x0000009086600000],  sp=0x00000090865fde90,  free space=1015k
Native frames: (J=compiled Java code, j=interpreted, Vv=VM code, C=native code)
V  [jvm.dll+0x357e98]
V  [jvm.dll+0x3663a4]
V  [jvm.dll+0x314c1b]
V  [jvm.dll+0x31466d]
V  [jvm.dll+0x3eedf5]
V  [jvm.dll+0x8522d6]
V  [jvm.dll+0x85c131]
V  [jvm.dll+0x366a9a]
V  [jvm.dll+0x36692a]
V  [jvm.dll+0x36e1e4]
V  [jvm.dll+0x36e35b]
V  [jvm.dll+0x8d62a7]
V  [jvm.dll+0x851f8b]
V  [jvm.dll+0x6cc5ed]
C  [ucrtbase.dll+0x21bb2]
C  [KERNEL32.DLL+0x17374]
C  [ntdll.dll+0x4cc91]

JavaThread 0x00000253716b9050 (nid = 32376) was being processed
Java frames: (J=compiled Java code, j=interpreted, Vv=VM code)
j  java.lang.invoke.DirectMethodHandle$Holder.newInvokeSpecial(Ljava/lang/Object;Ljava/lang/Object;)Ljava/lang/Object;+16 java.base@21.0.6
J 2838 c1 java.lang.invoke.LambdaForm$MH+0x0000025301001c00.invoke(Ljava/lang/Object;Ljava/lang/Object;)Ljava/lang/Object; java.base@21.0.6 (35 bytes) @ 0x000002535b258c6c [0x000002535b258b60+0x000000000000010c]
J 914 c1 jdk.internal.reflect.DirectConstructorHandleAccessor.newInstance([Ljava/lang/Object;)Ljava/lang/Object; java.base@21.0.6 (130 bytes) @ 0x000002535ae69aa4 [0x000002535ae69860+0x0000000000000244]
J 913 c1 java.lang.reflect.Constructor.newInstanceWithCaller([Ljava/lang/Object;ZLjava/lang/Class;)Ljava/lang/Object; java.base@21.0.6 (51 bytes) @ 0x000002535ae652bc [0x000002535ae651e0+0x00000000000000dc]
J 3733 c1 org.springframework.beans.BeanUtils.instantiateClass(Ljava/lang/reflect/Constructor;[Ljava/lang/Object;)Ljava/lang/Object; (208 bytes) @ 0x000002535b3e8e84 [0x000002535b3e8980+0x0000000000000504]
j  org.springframework.beans.factory.support.SimpleInstantiationStrategy.instantiate(Lorg/springframework/beans/factory/support/RootBeanDefinition;Ljava/lang/String;Lorg/springframework/beans/factory/BeanFactory;Ljava/lang/reflect/Constructor;[Ljava/lang/Object;)Ljava/lang/Object;+11
j  org.springframework.beans.factory.support.ConstructorResolver.instantiate(Ljava/lang/String;Lorg/springframework/beans/factory/support/RootBeanDefinition;Ljava/lang/reflect/Constructor;[Ljava/lang/Object;)Ljava/lang/Object;+20
j  org.springframework.beans.factory.support.ConstructorResolver.autowireConstructor(Ljava/lang/String;Lorg/springframework/beans/factory/support/RootBeanDefinition;[Ljava/lang/reflect/Constructor;[Ljava/lang/Object;)Lorg/springframework/beans/BeanWrapper;+912
J 6720 c1 org.springframework.beans.factory.support.AbstractAutowireCapableBeanFactory.createBeanInstance(Ljava/lang/String;Lorg/springframework/beans/factory/support/RootBeanDefinition;[Ljava/lang/Object;)Lorg/springframework/beans/BeanWrapper; (245 bytes) @ 0x000002535b8f0884 [0x000002535b8f0140+0x0000000000000744]
J 6719 c1 org.springframework.beans.factory.support.AbstractAutowireCapableBeanFactory.doCreateBean(Ljava/lang/String;Lorg/springframework/beans/factory/support/RootBeanDefinition;[Ljava/lang/Object;)Ljava/lang/Object; (465 bytes) @ 0x000002535b8f1f2c [0x000002535b8f1d80+0x00000000000001ac]
J 6718 c1 org.springframework.beans.factory.support.AbstractAutowireCapableBeanFactory.createBean(Ljava/lang/String;Lorg/springframework/beans/factory/support/RootBeanDefinition;[Ljava/lang/Object;)Ljava/lang/Object; (214 bytes) @ 0x000002535b8ee2ac [0x000002535b8eddc0+0x00000000000004ec]
J 6751 c1 org.springframework.beans.factory.support.AbstractBeanFactory$$Lambda+0x00000253012746a8.getObject()Ljava/lang/Object; (20 bytes) @ 0x000002535b90103c [0x000002535b900fa0+0x000000000000009c]
J 7648 c1 org.springframework.beans.factory.support.DefaultSingletonBeanRegistry.getSingleton(Ljava/lang/String;Lorg/springframework/beans/factory/ObjectFactory;)Ljava/lang/Object; (1013 bytes) @ 0x000002535b173ab4 [0x000002535b172ce0+0x0000000000000dd4]
J 3242 c1 org.springframework.beans.factory.support.AbstractBeanFactory.doGetBean(Ljava/lang/String;Ljava/lang/Class;[Ljava/lang/Object;Z)Ljava/lang/Object; (787 bytes) @ 0x000002535b30ee2c [0x000002535b30e7a0+0x000000000000068c]
J 7665 c1 org.springframework.beans.factory.support.DefaultListableBeanFactory.doResolveDependency(Lorg/springframework/beans/factory/config/DependencyDescriptor;Ljava/lang/String;Ljava/util/Set;Lorg/springframework/beans/TypeConverter;)Ljava/lang/Object; (679 bytes) @ 0x000002535b992454 [0x000002535b9905e0+0x0000000000001e74]
J 7658 c1 org.springframework.beans.factory.support.DefaultListableBeanFactory.resolveDependency(Lorg/springframework/beans/factory/config/DependencyDescriptor;Ljava/lang/String;Ljava/util/Set;Lorg/springframework/beans/TypeConverter;)Ljava/lang/Object; (121 bytes) @ 0x000002535b16f65c [0x000002535b16f480+0x00000000000001dc]
j  org.springframework.beans.factory.annotation.AutowiredAnnotationBeanPostProcessor$AutowiredFieldElement.resolveFieldValue(Ljava/lang/reflect/Field;Ljava/lang/Object;Ljava/lang/String;)Ljava/lang/Object;+81
j  org.springframework.beans.factory.annotation.AutowiredAnnotationBeanPostProcessor$AutowiredFieldElement.inject(Ljava/lang/Object;Ljava/lang/String;Lorg/springframework/beans/PropertyValues;)V+74
J 6415 c1 org.springframework.beans.factory.annotation.InjectionMetadata.inject(Ljava/lang/Object;Ljava/lang/String;Lorg/springframework/beans/PropertyValues;)V (75 bytes) @ 0x000002535b854944 [0x000002535b854800+0x0000000000000144]
J 6728 c1 org.springframework.beans.factory.annotation.AutowiredAnnotationBeanPostProcessor.postProcessProperties(Lorg/springframework/beans/PropertyValues;Ljava/lang/Object;Ljava/lang/String;)Lorg/springframework/beans/PropertyValues; (46 bytes) @ 0x000002535b8f5714 [0x000002535b8f5660+0x00000000000000b4]
J 6639 c1 org.springframework.beans.factory.support.AbstractAutowireCapableBeanFactory.populateBean(Ljava/lang/String;Lorg/springframework/beans/factory/support/RootBeanDefinition;Lorg/springframework/beans/BeanWrapper;)V (355 bytes) @ 0x000002535b8c2d6c [0x000002535b8c2200+0x0000000000000b6c]
J 6719 c1 org.springframework.beans.factory.support.AbstractAutowireCapableBeanFactory.doCreateBean(Ljava/lang/String;Lorg/springframework/beans/factory/support/RootBeanDefinition;[Ljava/lang/Object;)Ljava/lang/Object; (465 bytes) @ 0x000002535b8f23ac [0x000002535b8f1d80+0x000000000000062c]
J 6718 c1 org.springframework.beans.factory.support.AbstractAutowireCapableBeanFactory.createBean(Ljava/lang/String;Lorg/springframework/beans/factory/support/RootBeanDefinition;[Ljava/lang/Object;)Ljava/lang/Object; (214 bytes) @ 0x000002535b8ee2ac [0x000002535b8eddc0+0x00000000000004ec]
J 6751 c1 org.springframework.beans.factory.support.AbstractBeanFactory$$Lambda+0x00000253012746a8.getObject()Ljava/lang/Object; (20 bytes) @ 0x000002535b90103c [0x000002535b900fa0+0x000000000000009c]
J 7648 c1 org.springframework.beans.factory.support.DefaultSingletonBeanRegistry.getSingleton(Ljava/lang/String;Lorg/springframework/beans/factory/ObjectFactory;)Ljava/lang/Object; (1013 bytes) @ 0x000002535b173ab4 [0x000002535b172ce0+0x0000000000000dd4]
J 3242 c1 org.springframework.beans.factory.support.AbstractBeanFactory.doGetBean(Ljava/lang/String;Ljava/lang/Class;[Ljava/lang/Object;Z)Ljava/lang/Object; (787 bytes) @ 0x000002535b30ee2c [0x000002535b30e7a0+0x000000000000068c]
J 6808 c1 org.springframework.beans.factory.support.DefaultListableBeanFactory.instantiateSingleton(Ljava/lang/String;)V (56 bytes) @ 0x000002535b91d6f4 [0x000002535b91d2a0+0x0000000000000454]
J 6806 c1 org.springframework.beans.factory.support.DefaultListableBeanFactory.preInstantiateSingleton(Ljava/lang/String;Lorg/springframework/beans/factory/support/RootBeanDefinition;)Ljava/util/concurrent/CompletableFuture; (165 bytes) @ 0x000002535b91c3bc [0x000002535b91c100+0x00000000000002bc]
j  org.springframework.beans.factory.support.DefaultListableBeanFactory.preInstantiateSingletons()V+121
j  org.springframework.context.support.AbstractApplicationContext.finishBeanFactoryInitialization(Lorg/springframework/beans/factory/config/ConfigurableListableBeanFactory;)V+284
j  org.springframework.context.support.AbstractApplicationContext.refresh()V+94
j  org.springframework.boot.web.servlet.context.ServletWebServerApplicationContext.refresh()V+1
j  org.springframework.boot.SpringApplication.refresh(Lorg/springframework/context/ConfigurableApplicationContext;)V+1
j  org.springframework.boot.SpringApplication.refreshContext(Lorg/springframework/context/ConfigurableApplicationContext;)V+19
j  org.springframework.boot.SpringApplication.run([Ljava/lang/String;)Lorg/springframework/context/ConfigurableApplicationContext;+113
j  org.springframework.boot.SpringApplication.run([Ljava/lang/Class;[Ljava/lang/String;)Lorg/springframework/context/ConfigurableApplicationContext;+9
j  org.springframework.boot.SpringApplication.run(Ljava/lang/Class;[Ljava/lang/String;)Lorg/springframework/context/ConfigurableApplicationContext;+9
j  com.formacion.motos.MotosApplication.main([Ljava/lang/String;)V+3
j  java.lang.invoke.LambdaForm$DMH+0x0000025301004c00.invokeStatic(Ljava/lang/Object;Ljava/lang/Object;)V+10 java.base@21.0.6
j  java.lang.invoke.LambdaForm$MH+0x0000025301129000.invoke(Ljava/lang/Object;Ljava/lang/Object;Ljava/lang/Object;)Ljava/lang/Object;+33 java.base@21.0.6
J 4589 c1 jdk.internal.reflect.DirectMethodHandleAccessor.invoke(Ljava/lang/Object;[Ljava/lang/Object;)Ljava/lang/Object; java.base@21.0.6 (92 bytes) @ 0x000002535b5547fc [0x000002535b554440+0x00000000000003bc]
J 4595 c1 java.lang.reflect.Method.invoke(Ljava/lang/Object;[Ljava/lang/Object;)Ljava/lang/Object; java.base@21.0.6 (108 bytes) @ 0x000002535b553df4 [0x000002535b553c00+0x00000000000001f4]
j  org.springframework.boot.devtools.restart.RestartLauncher.run()V+47
v  ~StubRoutines::call_stub 0x000002535aac100d

siginfo: EXCEPTION_ACCESS_VIOLATION (0xc0000005), reading address 0xffffffffffffffff


Registers:
RAX=0x120b0800811d39f7, RBX=0x0000000000000001, RCX=0x0000000000022a11, RDX=0x0000000000022a11
RSP=0x00000090865fde90, RBP=0x000000000000000f, RSI=0x00000090865fe230, RDI=0x0000009086dfc4f8
R8 =0x00000253571445a0, R9 =0x00000000000e56bd, R10=0x000002535aac0000, R11=0x00000090865fe0d8
R12=0x00000000000e56bd, R13=0x0000009086dfc4f8, R14=0x0000025370bbc0a0, R15=0x000002530072b5d8
RIP=0x00007ffed58c7e98, EFLAGS=0x0000000000010206

XMM[0]=0x3b3b3b3b3b3b3b3b 0x3b3b3b3b3b3b3b3b
XMM[1]=0x00000000000000ff 0x0000000000000000
XMM[2]=0x0000000000000000 0x0000000000000000
XMM[3]=0x0000000000000000 0x408ccadf058c30fb
XMM[4]=0x0000000000000000 0x0000000000000000
XMM[5]=0x0000000000000000 0x0000000000000000
XMM[6]=0x0000000000000000 0x0000000000000000
XMM[7]=0x0000000000000000 0x0000000000000000
XMM[8]=0x0000000000000000 0x0000000000000000
XMM[9]=0x0000000000000000 0x0000000000000000
XMM[10]=0x0000000000000000 0x0000000000000000
XMM[11]=0x0000000000000000 0x0000000000000000
XMM[12]=0x0000000000000000 0x0000000000000000
XMM[13]=0x0000000000000000 0x0000000000000000
XMM[14]=0x0000000000000000 0x0000000000000000
XMM[15]=0x0000000000000000 0x0000000000000000
  MXCSR=0x00001fa0


Register to memory mapping:

RAX=0x120b0800811d39f7 is an unknown value
RBX=0x0000000000000001 is an unknown value
RCX=0x0000000000022a11 is an unknown value
RDX=0x0000000000022a11 is an unknown value
RSP=0x00000090865fde90 points into unknown readable memory: 0x000002536a81c580 | 80 c5 81 6a 53 02 00 00
RBP=0x000000000000000f is an unknown value
RSI=0x00000090865fe230 points into unknown readable memory: 0x0000009086dfc4e8 | e8 c4 df 86 90 00 00 00
RDI=0x0000009086dfc4f8 is pointing into the stack for thread: 0x00000253716b9050
R8 =0x00000253571445a0 points into unknown readable memory: 0x00007ffed5f948e0 | e0 48 f9 d5 fe 7f 00 00
R9 =0x00000000000e56bd is an unknown value
R10=0x000002535aac0000 points into unknown readable memory: 0x0000000000000006 | 06 00 00 00 00 00 00 00
R11=0x00000090865fe0d8 points into unknown readable memory: 0x00007ffed588466d | 6d 46 88 d5 fe 7f 00 00
R12=0x00000000000e56bd is an unknown value
R13=0x0000009086dfc4f8 is pointing into the stack for thread: 0x00000253716b9050
R14=0x0000025370bbc0a0 points into unknown readable memory: 0x00007ffed5f9bc18 | 18 bc f9 d5 fe 7f 00 00
R15=0x000002530072b5d8 is pointing into metadata

Top of Stack: (sp=0x00000090865fde90)
0x00000090865fde90:   000002536a81c580 000000006f26f600
0x00000090865fdea0:   0000000000000000 0000000000000002
0x00000090865fdeb0:   00000090865fdfd0 00000090865fe050
0x00000090865fdec0:   0000009086dfc4f8 120b0800811d39f7
0x00000090865fded0:   0000009086dfc4f8 00007ffed5c2c1b2
0x00000090865fdee0:   00000253723d3478 0000000000000000
0x00000090865fdef0:   000002536f344220 000002536a81c570
0x00000090865fdf00:   0000025300542e90 0000009086dfc4f8
0x00000090865fdf10:   00000090865fe230 00000090865fe060
0x00000090865fdf20:   00000253723d3478 00007ffed58d63a4
0x00000090865fdf30:   00000090865f0000 00000090865f0100
0x00000090865fdf40:   0000025300480090 0000000000000000
0x00000090865fdf50:   00000253723d3478 00007ffed5884c1b
0x00000090865fdf60:   0000000000000002 00000253000b5c28
0x00000090865fdf70:   00000253723d3478 00000090865fe230
0x00000090865fdf80:   000000105ad15b01 00000253000b5c28
0x00000090865fdf90:   000002536f47dc20 0000025300000004
0x00000090865fdfa0:   00000000000003d8 000002536a81c580
0x00000090865fdfb0:   000002536a81c958 000002530072b5d8
0x00000090865fdfc0:   00000253000000b8 00000253000b5c28
0x00000090865fdfd0:   00007ffed5f93180 00000090865fe230
0x00000090865fdfe0:   00000253723d3478 0000000400000003
0x00000090865fdff0:   0000025300542e90 0000001300000001
0x00000090865fe000:   0000000000000044 000000010000000c
0x00000090865fe010:   0000025300480090 0000000000000000
0x00000090865fe020:   0000025371cc576c 0000a32300000002
0x00000090865fe030:   0000000300000001 0000ffff09b0e000
0x00000090865fe040:   00007ffed5dcb120 0000025371e00fc8
0x00000090865fe050:   0000025300017358 000000066a810013
0x00000090865fe060:   0000009000000000 0000000000000015
0x00000090865fe070:   00000253723d3478 00007ffed58d63fe
0x00000090865fe080:   0000000000000000 0000009000000003 

Instructions: (pc=0x00007ffed58c7e98)
0x00007ffed58c7d98:   55 41 56 41 57 48 83 ec 58 80 3d 72 28 8d 00 00
0x00007ffed58c7da8:   49 8b f9 4d 8b e8 0f b7 da 4c 8b f1 74 16 45 8b
0x00007ffed58c7db8:   78 08 8b 0d f8 11 8d 00 49 d3 e7 4c 03 3d e6 11
0x00007ffed58c7dc8:   8d 00 eb 04 4d 8b 78 08 49 8b d7 49 8b cd e8 15
0x00007ffed58c7dd8:   47 cb ff 4c 8b e0 48 89 7c 24 30 33 c0 8b e8 0f
0x00007ffed58c7de8:   b7 c3 66 c1 e8 08 66 89 84 24 a0 00 00 00 84 c0
0x00007ffed58c7df8:   75 52 48 8b cf 83 e1 03 83 3d 51 2e 8d 00 02 75
0x00007ffed58c7e08:   09 48 83 f9 02 0f 94 c1 eb 05 f6 d1 80 e1 01 84
0x00007ffed58c7e18:   c9 75 05 48 8b ef eb 12 48 8d 54 24 40 48 8d 4c
0x00007ffed58c7e28:   24 30 e8 c1 d8 2f 00 48 8b 28 48 c1 ed 03 83 e5
0x00007ffed58c7e38:   0f 41 3b ae 80 01 00 00 73 0a 66 89 9c 24 a8 00
0x00007ffed58c7e48:   00 00 eb 12 66 c7 84 24 a8 00 00 00 00 01 0f b7
0x00007ffed58c7e58:   9c 24 a8 00 00 00 4d 8b 46 08 49 8b d5 66 c1 eb
0x00007ffed58c7e68:   08 41 8b 88 18 02 00 00 49 8b 80 10 02 00 00 48
0x00007ffed58c7e78:   d3 e0 8b 0d d0 e4 93 00 48 2b d0 49 8b 80 f8 01
0x00007ffed58c7e88:   00 00 48 d3 ea 8b ca 48 8b 04 c8 48 89 44 24 38
0x00007ffed58c7e98:   44 8b 80 8c 00 00 00 48 0f be c3 48 6b c8 38 49
0x00007ffed58c7ea8:   8b 46 70 44 89 84 24 b0 00 00 00 48 8b 54 01 10
0x00007ffed58c7eb8:   84 db 75 04 4a 8d 14 c2 48 8b 0a 48 8b 71 30 48
0x00007ffed58c7ec8:   8b 41 38 48 2b c6 48 c1 e8 03 49 3b c4 72 74 4a
0x00007ffed58c7ed8:   8d 1c e5 00 00 00 00 48 89 9c 24 b8 00 00 00 48
0x00007ffed58c7ee8:   8d 04 33 48 89 41 30 48 85 f6 74 67 4d 8b c4 48
0x00007ffed58c7ef8:   8b d6 49 8b cd e8 de 30 cb ff 48 8b ce 48 8b c7
0x00007ffed58c7f08:   48 83 c9 03 f0 49 0f b1 4d 00 48 8b d8 0f 84 81
0x00007ffed58c7f18:   00 00 00 48 83 e3 fc 74 7b 8b 84 24 b0 00 00 00
0x00007ffed58c7f28:   4d 8b cc 0f b7 94 24 a8 00 00 00 4c 8b c6 49 8b
0x00007ffed58c7f38:   4e 70 89 44 24 20 e8 8d 36 fc ff 48 8b c3 e9 34
0x00007ffed58c7f48:   03 00 00 4a 8d 04 e5 00 00 00 00 48 89 84 24 b8
0x00007ffed58c7f58:   00 00 00 44 89 44 24 28 48 8d 94 24 a8 00 00 00
0x00007ffed58c7f68:   4d 8b c5 89 6c 24 20 4d 8b cc 49 8b ce e8 c6 fb
0x00007ffed58c7f78:   ff ff 48 8b f0 48 85 c0 0f 85 6e ff ff ff 4d 8b
0x00007ffed58c7f88:   cc 4c 8b c7 49 8b d5 49 8b ce e8 b9 06 00 00 e9 


Stack slot to memory mapping:

stack at sp + 0 slots: 0x000002536a81c580 points into unknown readable memory: 0x0000000500000000 | 00 00 00 00 05 00 00 00
stack at sp + 1 slots: 0x000000006f26f600 is an unknown value
stack at sp + 2 slots: 0x0 is null
stack at sp + 3 slots: 0x0000000000000002 is an unknown value
stack at sp + 4 slots: 0x00000090865fdfd0 points into unknown readable memory: 0x00007ffed5f93180 | 80 31 f9 d5 fe 7f 00 00
stack at sp + 5 slots: 0x00000090865fe050 points into unknown readable memory: 0x0000025300017358 | 58 73 01 00 53 02 00 00
stack at sp + 6 slots: 0x0000009086dfc4f8 is pointing into the stack for thread: 0x00000253716b9050
stack at sp + 7 slots: 0x120b0800811d39f7 is an unknown value


---------------  P R O C E S S  ---------------

Threads class SMR info:
_java_thread_list=0x00000253728840e0, length=32, elements={
0x000002536a64a3d0, 0x000002536a64b340, 0x000002536a64d0b0, 0x000002536a64f330,
0x000002536a6504f0, 0x000002536a656450, 0x000002536a659250, 0x000002536a7471c0,
0x000002536a7c0370, 0x000002536a7e2ca0, 0x000002536a7e3320, 0x000002536f301000,
0x000002536f44aec0, 0x000002536f4ab920, 0x000002536f50fb30, 0x000002536fb7ea10,
0x000002536fbb1680, 0x000002536fbb23a0, 0x00000253716bb120, 0x00000253716bd1f0,
0x0000025372897560, 0x0000025372898280, 0x00000253716bf2c0, 0x00000253716b96e0,
0x00000253716bb7b0, 0x00000253716ba400, 0x00000253716b9050, 0x00000253716bdf10,
0x00000253716bffe0, 0x00000253716bbe40, 0x00000253716bf950, 0x00000253716b9d70
}

Java Threads: ( => current thread )
  0x000002536a64a3d0 JavaThread "Reference Handler"          daemon [_thread_blocked, id=32512, stack(0x0000009085500000,0x0000009085600000) (1024K)]
  0x000002536a64b340 JavaThread "Finalizer"                  daemon [_thread_blocked, id=33972, stack(0x0000009085600000,0x0000009085700000) (1024K)]
  0x000002536a64d0b0 JavaThread "Signal Dispatcher"          daemon [_thread_blocked, id=22816, stack(0x0000009085700000,0x0000009085800000) (1024K)]
  0x000002536a64f330 JavaThread "Attach Listener"            daemon [_thread_blocked, id=42632, stack(0x0000009085800000,0x0000009085900000) (1024K)]
  0x000002536a6504f0 JavaThread "Service Thread"             daemon [_thread_blocked, id=2392, stack(0x0000009085900000,0x0000009085a00000) (1024K)]
  0x000002536a656450 JavaThread "Monitor Deflation Thread"   daemon [_thread_blocked, id=32884, stack(0x0000009085a00000,0x0000009085b00000) (1024K)]
  0x000002536a659250 JavaThread "C1 CompilerThread0"         daemon [_thread_blocked, id=34948, stack(0x0000009085b00000,0x0000009085c00000) (1024K)]
  0x000002536a7471c0 JavaThread "Common-Cleaner"             daemon [_thread_blocked, id=24372, stack(0x0000009085c00000,0x0000009085d00000) (1024K)]
  0x000002536a7c0370 JavaThread "JDWP Transport Listener: dt_socket" daemon [_thread_blocked, id=5620, stack(0x0000009085f00000,0x0000009086000000) (1024K)]
  0x000002536a7e2ca0 JavaThread "JDWP Event Helper Thread"   daemon [_thread_blocked, id=43000, stack(0x0000009086000000,0x0000009086100000) (1024K)]
  0x000002536a7e3320 JavaThread "JDWP Command Reader"        daemon [_thread_in_native, id=2040, stack(0x0000009086100000,0x0000009086200000) (1024K)]
  0x000002536f301000 JavaThread "Notification Thread"        daemon [_thread_blocked, id=25676, stack(0x0000009086200000,0x0000009086300000) (1024K)]
  0x000002536f44aec0 JavaThread "RMI TCP Accept-0"           daemon [_thread_in_native, id=34456, stack(0x0000009086300000,0x0000009086400000) (1024K)]
  0x000002536f4ab920 JavaThread "RMI TCP Accept-22096"       daemon [_thread_in_native, id=33156, stack(0x0000009086b00000,0x0000009086c00000) (1024K)]
  0x000002536f50fb30 JavaThread "RMI TCP Accept-0"           daemon [_thread_in_native, id=41000, stack(0x0000009086c00000,0x0000009086d00000) (1024K)]
  0x000002536fb7ea10 JavaThread "RMI Scheduler(0)"           daemon [_thread_blocked, id=42724, stack(0x0000009087000000,0x0000009087100000) (1024K)]
  0x000002536fbb1680 JavaThread "JMX server connection timeout 41" daemon [_thread_blocked, id=17016, stack(0x0000009087200000,0x0000009087300000) (1024K)]
  0x000002536fbb23a0 JavaThread "mysql-cj-abandoned-connection-cleanup" daemon [_thread_blocked, id=11988, stack(0x0000009087800000,0x0000009087900000) (1024K)]
  0x00000253716bb120 JavaThread "Live Reload Server"         daemon [_thread_in_native, id=25756, stack(0x0000009087e00000,0x0000009087f00000) (1024K)]
  0x00000253716bd1f0 JavaThread "Jndi-Dns-address-change-listener" daemon [_thread_in_native, id=38136, stack(0x0000009088600000,0x0000009088700000) (1024K)]
  0x0000025372897560 JavaThread "DestroyJavaVM"                     [_thread_blocked, id=40176, stack(0x0000009084d00000,0x0000009084e00000) (1024K)]
  0x0000025372898280 JavaThread "parallel-1"                 daemon [_thread_blocked, id=40952, stack(0x0000009084b00000,0x0000009084c00000) (1024K)]
  0x00000253716bf2c0 JavaThread "Thread-15"                         [_thread_blocked, id=12260, stack(0x0000009084a00000,0x0000009084b00000) (1024K)]
  0x00000253716b96e0 JavaThread "parallel-2"                 daemon [_thread_blocked, id=32152, stack(0x0000009085d00000,0x0000009085e00000) (1024K)]
  0x00000253716bb7b0 JavaThread "File Watcher"               daemon [_thread_blocked, id=12004, stack(0x0000009084c00000,0x0000009084d00000) (1024K)]
  0x00000253716ba400 JavaThread "File Watcher"               daemon [_thread_blocked, id=30732, stack(0x0000009085e00000,0x0000009085f00000) (1024K)]
  0x00000253716b9050 JavaThread "restartedMain"                     [_thread_blocked, id=32376, stack(0x0000009086d00000,0x0000009086e00000) (1024K)]
  0x00000253716bdf10 JavaThread "Catalina-utility-1"                [_thread_blocked, id=17848, stack(0x0000009086f00000,0x0000009087000000) (1024K)]
  0x00000253716bffe0 JavaThread "Catalina-utility-2"                [_thread_blocked, id=26648, stack(0x0000009087100000,0x0000009087200000) (1024K)]
  0x00000253716bbe40 JavaThread "container-2"                       [_thread_blocked, id=36752, stack(0x0000009087300000,0x0000009087400000) (1024K)]
  0x00000253716bf950 JavaThread "HikariPool-5 housekeeper"   daemon [_thread_blocked, id=20252, stack(0x0000009087400000,0x0000009087500000) (1024K)]
  0x00000253716b9d70 JavaThread "RMI TCP Connection(idle)"   daemon [_thread_blocked, id=21152, stack(0x0000009087700000,0x0000009087800000) (1024K)]
Total: 32

Other Threads:
  0x0000025369d99a60 VMThread "VM Thread"                           [id=35548, stack(0x0000009085400000,0x0000009085500000) (1024K)]
  0x0000025369d87570 WatcherThread "VM Periodic Task Thread"        [id=3192, stack(0x0000009085300000,0x0000009085400000) (1024K)]
  0x00000253571daa50 WorkerThread "GC Thread#0"                     [id=16808, stack(0x0000009084e00000,0x0000009084f00000) (1024K)]
  0x000002536f47d070 WorkerThread "GC Thread#1"                     [id=22864, stack(0x0000009086400000,0x0000009086500000) (1024K)]
=>0x000002536f47dc20 WorkerThread "GC Thread#2"                     [id=15168, stack(0x0000009086500000,0x0000009086600000) (1024K)]
  0x000002536f47dfc0 WorkerThread "GC Thread#3"                     [id=13852, stack(0x0000009086600000,0x0000009086700000) (1024K)]
  0x000002536f4a1920 WorkerThread "GC Thread#4"                     [id=20040, stack(0x0000009086700000,0x0000009086800000) (1024K)]
  0x000002536f4a3cd0 WorkerThread "GC Thread#5"                     [id=24432, stack(0x0000009086800000,0x0000009086900000) (1024K)]
  0x000002536f4a4070 WorkerThread "GC Thread#6"                     [id=35048, stack(0x0000009086900000,0x0000009086a00000) (1024K)]
  0x000002536f4a6820 WorkerThread "GC Thread#7"                     [id=31740, stack(0x0000009086a00000,0x0000009086b00000) (1024K)]
  0x00000253571ed160 ConcurrentGCThread "G1 Main Marker"            [id=26424, stack(0x0000009084f00000,0x0000009085000000) (1024K)]
  0x00000253571edb70 WorkerThread "G1 Conc#0"                       [id=34076, stack(0x0000009085000000,0x0000009085100000) (1024K)]
  0x000002536fa5ddd0 WorkerThread "G1 Conc#1"                       [id=36880, stack(0x0000009087500000,0x0000009087600000) (1024K)]
  0x0000025369c48880 ConcurrentGCThread "G1 Refine#0"               [id=22556, stack(0x0000009085100000,0x0000009085200000) (1024K)]
  0x0000025369c49300 ConcurrentGCThread "G1 Service"                [id=33268, stack(0x0000009085200000,0x0000009085300000) (1024K)]
Total: 15

Threads with active compile tasks:
Total: 0

VM state: at safepoint (normal execution)

VM Mutex/Monitor currently owned by a thread:  ([mutex/lock_event])
[0x00007ffed621e380] Threads_lock - owner thread: 0x0000025369d99a60
[0x00007ffed621e480] Heap_lock - owner thread: 0x00000253716bb7b0

Heap address: 0x0000000602800000, size: 8152 MB, Compressed Oops mode: Zero based, Oop shift amount: 3

CDS archive(s) mapped at: [0x0000025300000000-0x0000025300c80000-0x0000025300c80000), size 13107200, SharedBaseAddress: 0x0000025300000000, ArchiveRelocationMode: 1.
Compressed class space mapped at: 0x0000025301000000-0x0000025341000000, reserved size: 1073741824
Narrow klass base: 0x0000025300000000, Narrow klass shift: 0, Narrow klass range: 0x100000000

GC Precious Log:
 CardTable entry size: 512
 Card Set container configuration: InlinePtr #cards 4 size 8 Array Of Cards #cards 32 size 80 Howl #buckets 8 coarsen threshold 7372 Howl Bitmap #cards 1024 size 144 coarsen threshold 921 Card regions per heap region 1 cards per card region 8192
 CPUs: 8 total, 8 available
 Memory: 32605M
 Large Page Support: Disabled
 NUMA Support: Disabled
 Compressed Oops: Enabled (Zero based)
 Heap Region Size: 4M
 Heap Min Capacity: 8M
 Heap Initial Capacity: 512M
 Heap Max Capacity: 8152M
 Pre-touch: Disabled
 Parallel Workers: 8
 Concurrent Workers: 2
 Concurrent Refinement Workers: 8
 Periodic GC: Disabled

Heap:
 garbage-first heap   total 110592K, used 84398K [0x0000000602800000, 0x0000000800000000)
  region size 4096K, 11 young (45056K), 1 survivors (4096K)
 Metaspace       used 79608K, committed 80320K, reserved 1179648K
  class space    used 10847K, committed 11136K, reserved 1048576K

Heap Regions: E=young(eden), S=young(survivor), O=old, HS=humongous(starts), HC=humongous(continues), CS=collection set, F=free, TAMS=top-at-mark-start, PB=parsable bottom
|   0|0x0000000602800000, 0x0000000602c00000, 0x0000000602c00000|100%| O|  |TAMS 0x0000000602800000| PB 0x0000000602800000| Untracked 
|   1|0x0000000602c00000, 0x0000000603000000, 0x0000000603000000|100%| O|  |TAMS 0x0000000602c00000| PB 0x0000000602c00000| Untracked 
|   2|0x0000000603000000, 0x00000006033ffa00, 0x0000000603400000| 99%| O|  |TAMS 0x0000000603000000| PB 0x0000000603000000| Untracked 
|   3|0x0000000603400000, 0x00000006037fffc0, 0x0000000603800000| 99%| O|  |TAMS 0x0000000603400000| PB 0x0000000603400000| Untracked 
|   4|0x0000000603800000, 0x0000000603bfffc0, 0x0000000603c00000| 99%| O|  |TAMS 0x0000000603800000| PB 0x0000000603800000| Untracked 
|   5|0x0000000603c00000, 0x0000000603fffff0, 0x0000000604000000| 99%| O|  |TAMS 0x0000000603c00000| PB 0x0000000603c00000| Untracked 
|   6|0x0000000604000000, 0x00000006043fdc88, 0x0000000604400000| 99%| O|  |TAMS 0x0000000604000000| PB 0x0000000604000000| Untracked 
|   7|0x0000000604400000, 0x00000006044c7d40, 0x0000000604800000| 19%| O|  |TAMS 0x0000000604400000| PB 0x0000000604400000| Untracked 
|   8|0x0000000604800000, 0x0000000604832710, 0x0000000604c00000|  4%| O|  |TAMS 0x0000000604800000| PB 0x0000000604800000| Untracked 
|   9|0x0000000604c00000, 0x0000000605000000, 0x0000000605000000|100%| O|  |TAMS 0x0000000604c00000| PB 0x0000000604c00000| Untracked 
|  10|0x0000000605000000, 0x0000000605400000, 0x0000000605400000|100%| O|  |TAMS 0x0000000605000000| PB 0x0000000605000000| Untracked 
|  11|0x0000000605400000, 0x00000006056a0ff0, 0x0000000605800000| 65%| O|  |TAMS 0x0000000605400000| PB 0x0000000605400000| Untracked 
|  12|0x0000000605800000, 0x0000000605800000, 0x0000000605c00000|  0%| F|  |TAMS 0x0000000605800000| PB 0x0000000605800000| Untracked 
|  13|0x0000000605c00000, 0x0000000605c00000, 0x0000000606000000|  0%| F|  |TAMS 0x0000000605c00000| PB 0x0000000605c00000| Untracked 
|  14|0x0000000606000000, 0x00000006061e7968, 0x0000000606400000| 47%| E|CS|TAMS 0x0000000606000000| PB 0x0000000606000000| Complete 
|  15|0x0000000606400000, 0x00000006067126d0, 0x0000000606800000| 76%| S|  |TAMS 0x0000000606400000| PB 0x0000000606400000| Complete 
|  16|0x0000000606800000, 0x0000000606c00000, 0x0000000606c00000|100%| E|CS|TAMS 0x0000000606800000| PB 0x0000000606800000| Complete 
|  17|0x0000000606c00000, 0x0000000607000000, 0x0000000607000000|100%| E|CS|TAMS 0x0000000606c00000| PB 0x0000000606c00000| Complete 
|  18|0x0000000607000000, 0x0000000607400000, 0x0000000607400000|100%| E|CS|TAMS 0x0000000607000000| PB 0x0000000607000000| Complete 
|  19|0x0000000607400000, 0x0000000607800000, 0x0000000607800000|100%| E|CS|TAMS 0x0000000607400000| PB 0x0000000607400000| Complete 
|  20|0x0000000607800000, 0x0000000607c00000, 0x0000000607c00000|100%| E|CS|TAMS 0x0000000607800000| PB 0x0000000607800000| Complete 
|  21|0x0000000607c00000, 0x0000000608000000, 0x0000000608000000|100%| E|CS|TAMS 0x0000000607c00000| PB 0x0000000607c00000| Complete 
|  22|0x0000000608000000, 0x0000000608400000, 0x0000000608400000|100%| E|CS|TAMS 0x0000000608000000| PB 0x0000000608000000| Complete 
|  42|0x000000060d000000, 0x000000060d400000, 0x000000060d400000|100%| E|CS|TAMS 0x000000060d000000| PB 0x000000060d000000| Complete 
|  43|0x000000060d400000, 0x000000060d800000, 0x000000060d800000|100%| E|CS|TAMS 0x000000060d400000| PB 0x000000060d400000| Complete 
|  44|0x000000060d800000, 0x000000060dc00000, 0x000000060dc00000|100%| E|CS|TAMS 0x000000060d800000| PB 0x000000060d800000| Complete 
| 127|0x0000000622400000, 0x0000000622800000, 0x0000000622800000|100%| E|CS|TAMS 0x0000000622400000| PB 0x0000000622400000| Complete 

Card table byte_map: [0x000002535ebd0000,0x000002535fbc0000] _byte_map_base: 0x000002535bbbc000

Marking Bits: (CMBitMap*) 0x00000253571db060
 Bits: [0x000002535fbc0000, 0x0000025367b20000)

Polling page: 0x00000253568f0000

Metaspace:

Usage:
  Non-class:     67.15 MB used.
      Class:     10.59 MB used.
       Both:     77.74 MB used.

Virtual space:
  Non-class space:      128.00 MB reserved,      67.56 MB ( 53%) committed,  2 nodes.
      Class space:        1.00 GB reserved,      10.88 MB (  1%) committed,  1 nodes.
             Both:        1.12 GB reserved,      78.44 MB (  7%) committed. 

Chunk freelists:
   Non-Class:  12.06 MB
       Class:  5.09 MB
        Both:  17.15 MB

MaxMetaspaceSize: unlimited
CompressedClassSpaceSize: 1.00 GB
Initial GC threshold: 21.00 MB
Current GC threshold: 129.00 MB
CDS: on
 - commit_granule_bytes: 65536.
 - commit_granule_words: 8192.
 - virtual_space_node_default_size: 8388608.
 - enlarge_chunks_in_place: 1.
 - use_allocation_guard: 0.


Internal statistics:

num_allocs_failed_limit: 6.
num_arena_births: 1252.
num_arena_deaths: 386.
num_vsnodes_births: 3.
num_vsnodes_deaths: 0.
num_space_committed: 1255.
num_space_uncommitted: 0.
num_chunks_returned_to_freelist: 440.
num_chunks_taken_from_freelist: 4185.
num_chunk_merges: 114.
num_chunk_splits: 2827.
num_chunks_enlarged: 2207.
num_inconsistent_stats: 0.

CodeCache: size=49152Kb used=18724Kb max_used=19287Kb free=30427Kb
 bounds [0x000002535aac0000, 0x000002535bdc0000, 0x000002535dac0000]
 total_blobs=10375 nmethods=9625 adapters=673
 compilation: enabled
              stopped_count=0, restarted_count=0
 full_count=0

Compilation events (20 events):
Event: 831.571 Thread 0x000002536a659250 10530       1       sun.rmi.server.UnicastServerRef::unmarshalCustomCallData (31 bytes)
Event: 831.571 Thread 0x000002536a659250 nmethod 10530 0x000002535bd54f10 code [0x000002535bd550e0, 0x000002535bd553d8]
Event: 831.571 Thread 0x000002536a659250 10531       1       sun.rmi.transport.StreamRemoteCall::getResultStream (86 bytes)
Event: 831.572 Thread 0x000002536a659250 nmethod 10531 0x000002535bd53e10 code [0x000002535bd54080, 0x000002535bd54998]
Event: 831.572 Thread 0x000002536a659250 10532       1       sun.rmi.transport.ConnectionOutputStream::<init> (45 bytes)
Event: 831.572 Thread 0x000002536a659250 nmethod 10532 0x000002535bd53190 code [0x000002535bd533c0, 0x000002535bd53a70]
Event: 831.572 Thread 0x000002536a659250 10533   !   1       sun.rmi.transport.StreamRemoteCall::releaseOutputStream (60 bytes)
Event: 831.572 Thread 0x000002536a659250 nmethod 10533 0x000002535bd52810 code [0x000002535bd52a20, 0x000002535bd52d98]
Event: 841.102 Thread 0x000002536a659250 10534       1       sun.rmi.transport.ConnectionInputStream::registerRefs (71 bytes)
Event: 841.102 Thread 0x000002536a659250 nmethod 10534 0x000002535bd52090 code [0x000002535bd522c0, 0x000002535bd52640]
Event: 841.102 Thread 0x000002536a659250 10535       1       sun.rmi.transport.StreamRemoteCall::getOutputStream (39 bytes)
Event: 841.102 Thread 0x000002536a659250 nmethod 10535 0x000002535bd51c10 code [0x000002535bd51dc0, 0x000002535bd51fe8]
Event: 841.102 Thread 0x000002536a659250 10536       1       java.lang.invoke.LambdaForm$MH/0x00000253010dd400::invoke (45 bytes)
Event: 841.102 Thread 0x000002536a659250 nmethod 10536 0x000002535bd51610 code [0x000002535bd517e0, 0x000002535bd51a08]
Event: 901.104 Thread 0x000002536a659250 10537       1       java.lang.invoke.DelegatingMethodHandle$Holder::reinvoke_L (20 bytes)
Event: 901.104 Thread 0x000002536a659250 nmethod 10537 0x000002535bd51190 code [0x000002535bd51340, 0x000002535bd514c8]
Event: 901.104 Thread 0x000002536a659250 10538       1       java.io.ObjectOutputStream::enableReplaceObject (47 bytes)
Event: 901.104 Thread 0x000002536a659250 nmethod 10538 0x000002535bd50e10 code [0x000002535bd50fa0, 0x000002535bd510c8]
Event: 901.104 Thread 0x000002536a659250 10539       1       sun.util.logging.internal.LoggingProviderImpl$JULWrapper::log (13 bytes)
Event: 901.104 Thread 0x000002536a659250 nmethod 10539 0x000002535bd50810 code [0x000002535bd509e0, 0x000002535bd50c18]

GC Heap History (20 events):
Event: 7.074 GC heap after
{Heap after GC invocations=20 (full 0):
 garbage-first heap   total 110592K, used 32097K [0x0000000602800000, 0x0000000800000000)
  region size 4096K, 2 young (8192K), 2 survivors (8192K)
 Metaspace       used 69766K, committed 70528K, reserved 1114112K
  class space    used 9545K, committed 9856K, reserved 1048576K
}
Event: 7.456 GC heap before
{Heap before GC invocations=20 (full 0):
 garbage-first heap   total 110592K, used 89441K [0x0000000602800000, 0x0000000800000000)
  region size 4096K, 16 young (65536K), 2 survivors (8192K)
 Metaspace       used 73568K, committed 74368K, reserved 1114112K
  class space    used 10107K, committed 10432K, reserved 1048576K
}
Event: 7.461 GC heap after
{Heap after GC invocations=21 (full 0):
 garbage-first heap   total 110592K, used 34929K [0x0000000602800000, 0x0000000800000000)
  region size 4096K, 2 young (8192K), 2 survivors (8192K)
 Metaspace       used 73568K, committed 74368K, reserved 1114112K
  class space    used 10107K, committed 10432K, reserved 1048576K
}
Event: 143.620 GC heap before
{Heap before GC invocations=21 (full 0):
 garbage-first heap   total 110592K, used 88177K [0x0000000602800000, 0x0000000800000000)
  region size 4096K, 16 young (65536K), 2 survivors (8192K)
 Metaspace       used 78148K, committed 78912K, reserved 1179648K
  class space    used 10724K, committed 11072K, reserved 1048576K
}
Event: 143.673 GC heap after
{Heap after GC invocations=22 (full 1):
 garbage-first heap   total 110592K, used 30505K [0x0000000602800000, 0x0000000800000000)
  region size 4096K, 0 young (0K), 0 survivors (0K)
 Metaspace       used 78148K, committed 78912K, reserved 1179648K
  class space    used 10724K, committed 11072K, reserved 1048576K
}
Event: 145.009 GC heap before
{Heap before GC invocations=22 (full 1):
 garbage-first heap   total 110592K, used 91945K [0x0000000602800000, 0x0000000800000000)
  region size 4096K, 16 young (65536K), 0 survivors (0K)
 Metaspace       used 78294K, committed 79040K, reserved 1179648K
  class space    used 10741K, committed 11072K, reserved 1048576K
}
Event: 145.012 GC heap after
{Heap after GC invocations=23 (full 1):
 garbage-first heap   total 110592K, used 35038K [0x0000000602800000, 0x0000000800000000)
  region size 4096K, 2 young (8192K), 2 survivors (8192K)
 Metaspace       used 78294K, committed 79040K, reserved 1179648K
  class space    used 10741K, committed 11072K, reserved 1048576K
}
Event: 249.830 GC heap before
{Heap before GC invocations=23 (full 1):
 garbage-first heap   total 110592K, used 75998K [0x0000000602800000, 0x0000000800000000)
  region size 4096K, 13 young (53248K), 2 survivors (8192K)
 Metaspace       used 78516K, committed 79232K, reserved 1179648K
  class space    used 10762K, committed 11072K, reserved 1048576K
}
Event: 249.878 GC heap after
{Heap after GC invocations=24 (full 2):
 garbage-first heap   total 110592K, used 29662K [0x0000000602800000, 0x0000000800000000)
  region size 4096K, 0 young (0K), 0 survivors (0K)
 Metaspace       used 78149K, committed 79232K, reserved 1179648K
  class space    used 10667K, committed 11072K, reserved 1048576K
}
Event: 251.787 GC heap before
{Heap before GC invocations=24 (full 2):
 garbage-first heap   total 110592K, used 87006K [0x0000000602800000, 0x0000000800000000)
  region size 4096K, 15 young (61440K), 0 survivors (0K)
 Metaspace       used 78223K, committed 79232K, reserved 1179648K
  class space    used 10677K, committed 11072K, reserved 1048576K
}
Event: 251.789 GC heap after
{Heap after GC invocations=25 (full 2):
 garbage-first heap   total 110592K, used 33613K [0x0000000602800000, 0x0000000800000000)
  region size 4096K, 1 young (4096K), 1 survivors (4096K)
 Metaspace       used 78223K, committed 79232K, reserved 1179648K
  class space    used 10677K, committed 11072K, reserved 1048576K
}
Event: 258.271 GC heap before
{Heap before GC invocations=25 (full 2):
 garbage-first heap   total 110592K, used 86861K [0x0000000602800000, 0x0000000800000000)
  region size 4096K, 15 young (61440K), 1 survivors (4096K)
 Metaspace       used 78700K, committed 79488K, reserved 1179648K
  class space    used 10763K, committed 11136K, reserved 1048576K
}
Event: 258.274 GC heap after
{Heap after GC invocations=26 (full 2):
 garbage-first heap   total 110592K, used 37045K [0x0000000602800000, 0x0000000800000000)
  region size 4096K, 2 young (8192K), 2 survivors (8192K)
 Metaspace       used 78700K, committed 79488K, reserved 1179648K
  class space    used 10763K, committed 11136K, reserved 1048576K
}
Event: 268.671 GC heap before
{Heap before GC invocations=26 (full 2):
 garbage-first heap   total 110592K, used 82101K [0x0000000602800000, 0x0000000800000000)
  region size 4096K, 14 young (57344K), 2 survivors (8192K)
 Metaspace       used 78966K, committed 79744K, reserved 1179648K
  class space    used 10784K, committed 11136K, reserved 1048576K
}
Event: 268.675 GC heap after
{Heap after GC invocations=27 (full 2):
 garbage-first heap   total 110592K, used 37531K [0x0000000602800000, 0x0000000800000000)
  region size 4096K, 2 young (8192K), 2 survivors (8192K)
 Metaspace       used 78966K, committed 79744K, reserved 1179648K
  class space    used 10784K, committed 11136K, reserved 1048576K
}
Event: 284.193 GC heap before
{Heap before GC invocations=27 (full 2):
 garbage-first heap   total 110592K, used 82587K [0x0000000602800000, 0x0000000800000000)
  region size 4096K, 13 young (53248K), 2 survivors (8192K)
 Metaspace       used 79041K, committed 79808K, reserved 1179648K
  class space    used 10794K, committed 11136K, reserved 1048576K
}
Event: 284.198 GC heap after
{Heap after GC invocations=28 (full 2):
 garbage-first heap   total 110592K, used 40967K [0x0000000602800000, 0x0000000800000000)
  region size 4096K, 2 young (8192K), 2 survivors (8192K)
 Metaspace       used 79041K, committed 79808K, reserved 1179648K
  class space    used 10794K, committed 11136K, reserved 1048576K
}
Event: 288.487 GC heap before
{Heap before GC invocations=28 (full 2):
 garbage-first heap   total 110592K, used 81927K [0x0000000602800000, 0x0000000800000000)
  region size 4096K, 12 young (49152K), 2 survivors (8192K)
 Metaspace       used 79290K, committed 80000K, reserved 1179648K
  class space    used 10811K, committed 11136K, reserved 1048576K
}
Event: 288.493 GC heap after
{Heap after GC invocations=29 (full 2):
 garbage-first heap   total 110592K, used 43438K [0x0000000602800000, 0x0000000800000000)
  region size 4096K, 2 young (8192K), 2 survivors (8192K)
 Metaspace       used 79290K, committed 80000K, reserved 1179648K
  class space    used 10811K, committed 11136K, reserved 1048576K
}
Event: 921.359 GC heap before
{Heap before GC invocations=29 (full 2):
 garbage-first heap   total 110592K, used 80302K [0x0000000602800000, 0x0000000800000000)
  region size 4096K, 12 young (49152K), 2 survivors (8192K)
 Metaspace       used 79608K, committed 80320K, reserved 1179648K
  class space    used 10847K, committed 11136K, reserved 1048576K
}

Dll operation events (12 events):
Event: 0.007 Loaded shared library D:\sts-4.29.1.RELEASE\plugins\org.eclipse.justj.openjdk.hotspot.jre.full.win32.x86_64_21.0.6.v20250130-0529\jre\bin\java.dll
Event: 0.031 Loaded shared library D:\sts-4.29.1.RELEASE\plugins\org.eclipse.justj.openjdk.hotspot.jre.full.win32.x86_64_21.0.6.v20250130-0529\jre\bin\zip.dll
Event: 0.202 Loaded shared library D:\sts-4.29.1.RELEASE\plugins\org.eclipse.justj.openjdk.hotspot.jre.full.win32.x86_64_21.0.6.v20250130-0529\jre\bin\instrument.dll
Event: 0.206 Loaded shared library D:\sts-4.29.1.RELEASE\plugins\org.eclipse.justj.openjdk.hotspot.jre.full.win32.x86_64_21.0.6.v20250130-0529\jre\bin\net.dll
Event: 0.206 Loaded shared library D:\sts-4.29.1.RELEASE\plugins\org.eclipse.justj.openjdk.hotspot.jre.full.win32.x86_64_21.0.6.v20250130-0529\jre\bin\nio.dll
Event: 0.209 Loaded shared library D:\sts-4.29.1.RELEASE\plugins\org.eclipse.justj.openjdk.hotspot.jre.full.win32.x86_64_21.0.6.v20250130-0529\jre\bin\zip.dll
Event: 0.335 Loaded shared library D:\sts-4.29.1.RELEASE\plugins\org.eclipse.justj.openjdk.hotspot.jre.full.win32.x86_64_21.0.6.v20250130-0529\jre\bin\jimage.dll
Event: 0.367 Loaded shared library D:\sts-4.29.1.RELEASE\plugins\org.eclipse.justj.openjdk.hotspot.jre.full.win32.x86_64_21.0.6.v20250130-0529\jre\bin\management.dll
Event: 0.377 Loaded shared library D:\sts-4.29.1.RELEASE\plugins\org.eclipse.justj.openjdk.hotspot.jre.full.win32.x86_64_21.0.6.v20250130-0529\jre\bin\management_ext.dll
Event: 0.522 Loaded shared library D:\sts-4.29.1.RELEASE\plugins\org.eclipse.justj.openjdk.hotspot.jre.full.win32.x86_64_21.0.6.v20250130-0529\jre\bin\extnet.dll
Event: 0.543 Loaded shared library D:\sts-4.29.1.RELEASE\plugins\org.eclipse.justj.openjdk.hotspot.jre.full.win32.x86_64_21.0.6.v20250130-0529\jre\bin\verify.dll
Event: 1.348 Loaded shared library D:\sts-4.29.1.RELEASE\plugins\org.eclipse.justj.openjdk.hotspot.jre.full.win32.x86_64_21.0.6.v20250130-0529\jre\bin\sunmscapi.dll

Deoptimization events (20 events):
Event: 815.063 Thread 0x00000253716b9d70 DEOPT PACKING pc=0x000002535b553df4 sp=0x00000090877fea20
Event: 815.063 Thread 0x00000253716b9d70 DEOPT UNPACKING pc=0x000002535ab14e42 sp=0x00000090877fdf10 mode 1
Event: 815.164 Thread 0x00000253716b9d70 DEOPT PACKING pc=0x000002535b256e1c sp=0x00000090877fe500
Event: 815.164 Thread 0x00000253716b9d70 DEOPT UNPACKING pc=0x000002535ab14e42 sp=0x00000090877fd970 mode 1
Event: 815.164 Thread 0x00000253716b9d70 DEOPT PACKING pc=0x000002535b5548d4 sp=0x00000090877fe870
Event: 815.164 Thread 0x00000253716b9d70 DEOPT UNPACKING pc=0x000002535ab14e42 sp=0x00000090877fdd80 mode 1
Event: 815.164 Thread 0x00000253716b9d70 DEOPT PACKING pc=0x000002535b553df4 sp=0x00000090877fea20
Event: 815.164 Thread 0x00000253716b9d70 DEOPT UNPACKING pc=0x000002535ab14e42 sp=0x00000090877fdf10 mode 1
Event: 815.265 Thread 0x00000253716b9d70 DEOPT PACKING pc=0x000002535b256e1c sp=0x00000090877fe500
Event: 815.265 Thread 0x00000253716b9d70 DEOPT UNPACKING pc=0x000002535ab14e42 sp=0x00000090877fd970 mode 1
Event: 815.265 Thread 0x00000253716b9d70 DEOPT PACKING pc=0x000002535b5548d4 sp=0x00000090877fe870
Event: 815.265 Thread 0x00000253716b9d70 DEOPT UNPACKING pc=0x000002535ab14e42 sp=0x00000090877fdd80 mode 1
Event: 815.265 Thread 0x00000253716b9d70 DEOPT PACKING pc=0x000002535b553df4 sp=0x00000090877fea20
Event: 815.265 Thread 0x00000253716b9d70 DEOPT UNPACKING pc=0x000002535ab14e42 sp=0x00000090877fdf10 mode 1
Event: 815.366 Thread 0x00000253716b9d70 DEOPT PACKING pc=0x000002535b256e1c sp=0x00000090877fe500
Event: 815.367 Thread 0x00000253716b9d70 DEOPT UNPACKING pc=0x000002535ab14e42 sp=0x00000090877fd970 mode 1
Event: 815.367 Thread 0x00000253716b9d70 DEOPT PACKING pc=0x000002535b5548d4 sp=0x00000090877fe870
Event: 815.367 Thread 0x00000253716b9d70 DEOPT UNPACKING pc=0x000002535ab14e42 sp=0x00000090877fdd80 mode 1
Event: 815.367 Thread 0x00000253716b9d70 DEOPT PACKING pc=0x000002535b553df4 sp=0x00000090877fea20
Event: 815.367 Thread 0x00000253716b9d70 DEOPT UNPACKING pc=0x000002535ab14e42 sp=0x00000090877fdf10 mode 1

Classes loaded (20 events):
Event: 143.013 Loading class sun/security/ssl/Alert$Level
Event: 143.013 Loading class sun/security/ssl/Alert$Level done
Event: 143.317 Loading class sun/net/ConnectionResetException
Event: 143.317 Loading class sun/net/ConnectionResetException done
Event: 143.619 Loading class java/util/WeakHashMap$KeyIterator
Event: 143.619 Loading class java/util/WeakHashMap$HashIterator
Event: 143.620 Loading class java/util/WeakHashMap$HashIterator done
Event: 143.620 Loading class java/util/WeakHashMap$KeyIterator done
Event: 143.673 Loading class java/lang/ref/Finalizer$2
Event: 143.673 Loading class java/lang/ref/Finalizer$2 done
Event: 143.674 Loading class java/lang/ref/Finalizer$1
Event: 143.674 Loading class java/lang/ref/Finalizer$1 done
Event: 143.966 Loading class java/util/WeakHashMap$EntrySet
Event: 143.966 Loading class java/util/WeakHashMap$EntrySet done
Event: 143.966 Loading class java/util/WeakHashMap$EntryIterator
Event: 143.966 Loading class java/util/WeakHashMap$EntryIterator done
Event: 253.459 Loading class jdk/internal/loader/BootLoader$PackageHelper
Event: 253.460 Loading class jdk/internal/loader/BootLoader$PackageHelper done
Event: 284.097 Loading class java/lang/invoke/MethodHandleImpl$CountingWrapper$1
Event: 284.097 Loading class java/lang/invoke/MethodHandleImpl$CountingWrapper$1 done

Classes unloaded (20 events):
Event: 249.846 Thread 0x0000025369d99a60 Unloading class 0x00000253010c0800 'java/lang/invoke/LambdaForm$MH+0x00000253010c0800'
Event: 249.846 Thread 0x0000025369d99a60 Unloading class 0x00000253010c0400 'java/lang/invoke/LambdaForm$DMH+0x00000253010c0400'
Event: 249.846 Thread 0x0000025369d99a60 Unloading class 0x00000253010c0000 'java/lang/invoke/LambdaForm$DMH+0x00000253010c0000'
Event: 249.846 Thread 0x0000025369d99a60 Unloading class 0x000002530100b800 'java/lang/invoke/LambdaForm$MH+0x000002530100b800'
Event: 249.846 Thread 0x0000025369d99a60 Unloading class 0x000002530100ac00 'java/lang/invoke/LambdaForm$MH+0x000002530100ac00'
Event: 249.846 Thread 0x0000025369d99a60 Unloading class 0x000002530100a800 'java/lang/invoke/LambdaForm$MH+0x000002530100a800'
Event: 249.846 Thread 0x0000025369d99a60 Unloading class 0x000002530100a400 'java/lang/invoke/LambdaForm$MH+0x000002530100a400'
Event: 249.846 Thread 0x0000025369d99a60 Unloading class 0x0000025301009c00 'java/lang/invoke/LambdaForm$MH+0x0000025301009c00'
Event: 249.846 Thread 0x0000025369d99a60 Unloading class 0x0000025301009000 'java/lang/invoke/LambdaForm$MH+0x0000025301009000'
Event: 249.846 Thread 0x0000025369d99a60 Unloading class 0x0000025301008000 'java/lang/invoke/LambdaForm$MH+0x0000025301008000'
Event: 249.846 Thread 0x0000025369d99a60 Unloading class 0x0000025301007c00 'java/lang/invoke/LambdaForm$MH+0x0000025301007c00'
Event: 249.846 Thread 0x0000025369d99a60 Unloading class 0x0000025301007400 'java/lang/invoke/LambdaForm$MH+0x0000025301007400'
Event: 249.846 Thread 0x0000025369d99a60 Unloading class 0x0000025301006c00 'java/lang/invoke/LambdaForm$MH+0x0000025301006c00'
Event: 249.846 Thread 0x0000025369d99a60 Unloading class 0x0000025301006400 'java/lang/invoke/LambdaForm$MH+0x0000025301006400'
Event: 249.846 Thread 0x0000025369d99a60 Unloading class 0x0000025301005c00 'java/lang/invoke/LambdaForm$MH+0x0000025301005c00'
Event: 249.846 Thread 0x0000025369d99a60 Unloading class 0x0000025301005400 'java/lang/invoke/LambdaForm$MH+0x0000025301005400'
Event: 249.846 Thread 0x0000025369d99a60 Unloading class 0x0000025301004000 'java/lang/invoke/LambdaForm$MH+0x0000025301004000'
Event: 249.846 Thread 0x0000025369d99a60 Unloading class 0x0000025301003c00 'java/lang/invoke/LambdaForm$MH+0x0000025301003c00'
Event: 249.846 Thread 0x0000025369d99a60 Unloading class 0x0000025301003800 'java/lang/invoke/LambdaForm$MH+0x0000025301003800'
Event: 249.846 Thread 0x0000025369d99a60 Unloading class 0x0000025301003400 'java/lang/invoke/LambdaForm$MH+0x0000025301003400'

Classes redefined (5 events):
Event: 510.442 Thread 0x0000025369d99a60 redefined class name=com.formacion.motos.controlador.res.ApiController, count=1
Event: 510.442 Thread 0x0000025369d99a60 redefined class name=com.formacion.motos.controlador.res.ApiController, count=1
Event: 510.442 Thread 0x0000025369d99a60 redefined class name=com.formacion.motos.controlador.res.ApiController, count=1
Event: 510.442 Thread 0x0000025369d99a60 redefined class name=com.formacion.motos.controlador.res.ApiController, count=1
Event: 510.442 Thread 0x0000025369d99a60 redefined class name=com.formacion.motos.controlador.res.ApiController, count=1

Internal exceptions (20 events):
Event: 258.257 Thread 0x00000253716b9d70 Exception <a 'java/lang/NoClassDefFoundError'{0x0000000605e71828}: org/jooq/DSLContext> (0x0000000605e71828) 
thrown [s\src\hotspot\share\oops\constantPool.cpp, line 873]
Event: 258.260 Thread 0x00000253716b9d70 Exception <a 'java/lang/NoClassDefFoundError'{0x0000000605ec2fd8}: org/springframework/batch/core/repository/JobRepository> (0x0000000605ec2fd8) 
thrown [s\src\hotspot\share\oops\constantPool.cpp, line 873]
Event: 258.261 Thread 0x00000253716b9d70 Exception <a 'java/lang/NoClassDefFoundError'{0x0000000605ec3630}: org/quartz/Scheduler> (0x0000000605ec3630) 
thrown [s\src\hotspot\share\oops\constantPool.cpp, line 873]
Event: 258.261 Thread 0x00000253716b9d70 Exception <a 'java/lang/NoClassDefFoundError'{0x0000000605ec3cb0}: org/springframework/session/jdbc/JdbcIndexedSessionRepository> (0x0000000605ec3cb0) 
thrown [s\src\hotspot\share\oops\constantPool.cpp, line 873]
Event: 258.307 Thread 0x00000253716b9d70 Exception <a 'java/io/FileNotFoundException'{0x000000060dac8e18}> (0x000000060dac8e18) 
thrown [s\src\hotspot\share\prims\jni.cpp, line 520]
Event: 258.390 Thread 0x00000253716b9d70 Exception <a 'java/io/FileNotFoundException'{0x0000000607fb30a8}> (0x0000000607fb30a8) 
thrown [s\src\hotspot\share\prims\jni.cpp, line 520]
Event: 259.394 Thread 0x00000253716b9d70 Exception <a 'java/lang/NoClassDefFoundError'{0x00000006066a7350}: Api> (0x00000006066a7350) 
thrown [s\src\hotspot\share\classfile\systemDictionary.cpp, line 301]
Event: 259.869 Thread 0x00000253716bd880 Exception <a 'java/lang/InterruptedException'{0x000000060671e380}: sleep interrupted> (0x000000060671e380) 
thrown [s\src\hotspot\share\prims\jvm.cpp, line 3074]
Event: 259.874 Thread 0x00000253716b9d70 Exception <a 'java/lang/NoClassDefFoundError'{0x00000006066ebda0}: jakarta/validation/ValidationException> (0x00000006066ebda0) 
thrown [s\src\hotspot\share\classfile\systemDictionary.cpp, line 301]
Event: 259.874 Thread 0x00000253716b9d70 Exception <a 'java/lang/NoClassDefFoundError'{0x0000000606738400}: liquibase/exception/ChangeLogParseException> (0x0000000606738400) 
thrown [s\src\hotspot\share\classfile\systemDictionary.cpp, line 301]
Event: 283.801 Thread 0x00000253716b9050 Exception <a 'sun/nio/fs/WindowsException'{0x000000062257be68}> (0x000000062257be68) 
thrown [s\src\hotspot\share\prims\jni.cpp, line 520]
Event: 284.104 Thread 0x00000253716b9050 Exception <a 'java/lang/NoClassDefFoundError'{0x0000000607740470}: org/flywaydb/core/Flyway> (0x0000000607740470) 
thrown [s\src\hotspot\share\oops\constantPool.cpp, line 873]
Event: 284.105 Thread 0x00000253716b9050 Exception <a 'java/lang/NoClassDefFoundError'{0x0000000607740ad0}: liquibase/integration/spring/SpringLiquibase> (0x0000000607740ad0) 
thrown [s\src\hotspot\share\oops\constantPool.cpp, line 873]
Event: 284.109 Thread 0x00000253716b9050 Exception <a 'java/lang/NoClassDefFoundError'{0x000000060776b2f8}: org/jooq/DSLContext> (0x000000060776b2f8) 
thrown [s\src\hotspot\share\oops\constantPool.cpp, line 873]
Event: 284.112 Thread 0x00000253716b9050 Exception <a 'java/lang/NoClassDefFoundError'{0x00000006077bca90}: org/springframework/batch/core/repository/JobRepository> (0x00000006077bca90) 
thrown [s\src\hotspot\share\oops\constantPool.cpp, line 873]
Event: 284.113 Thread 0x00000253716b9050 Exception <a 'java/lang/NoClassDefFoundError'{0x00000006077bd108}: org/quartz/Scheduler> (0x00000006077bd108) 
thrown [s\src\hotspot\share\oops\constantPool.cpp, line 873]
Event: 284.113 Thread 0x00000253716b9050 Exception <a 'java/lang/NoClassDefFoundError'{0x00000006077bd788}: org/springframework/session/jdbc/JdbcIndexedSessionRepository> (0x00000006077bd788) 
thrown [s\src\hotspot\share\oops\constantPool.cpp, line 873]
Event: 284.158 Thread 0x00000253716b9050 Exception <a 'java/io/FileNotFoundException'{0x0000000606fa13a0}> (0x0000000606fa13a0) 
thrown [s\src\hotspot\share\prims\jni.cpp, line 520]
Event: 284.244 Thread 0x00000253716b9050 Exception <a 'java/io/FileNotFoundException'{0x000000060d085b50}> (0x000000060d085b50) 
thrown [s\src\hotspot\share\prims\jni.cpp, line 520]
Event: 520.159 Thread 0x00000253716bc4d0 Exception <a 'java/lang/NoSuchMethodError'{0x000000060d2a4100}: static [Ljava/lang/StackTraceElement;.<clinit>()V> (0x000000060d2a4100) 
thrown [s\src\hotspot\share\prims\jni.cpp, line 1111]

ZGC Phase Switch (0 events):
No events

VM Operations (20 events):
Event: 601.296 Executing VM operation: HandshakeAllThreads (HandshakeForDeflation) done
Event: 601.296 Executing VM operation: RendezvousGCThreads
Event: 601.296 Executing VM operation: RendezvousGCThreads done
Event: 661.388 Executing VM operation: HandshakeAllThreads (HandshakeForDeflation)
Event: 661.388 Executing VM operation: HandshakeAllThreads (HandshakeForDeflation) done
Event: 661.388 Executing VM operation: RendezvousGCThreads
Event: 661.388 Executing VM operation: RendezvousGCThreads done
Event: 721.575 Executing VM operation: HandshakeAllThreads (HandshakeForDeflation)
Event: 721.575 Executing VM operation: HandshakeAllThreads (HandshakeForDeflation) done
Event: 721.575 Executing VM operation: RendezvousGCThreads
Event: 721.575 Executing VM operation: RendezvousGCThreads done
Event: 815.311 Executing VM operation: Cleanup
Event: 815.311 Executing VM operation: Cleanup done
Event: 841.530 Executing VM operation: Cleanup
Event: 841.530 Executing VM operation: Cleanup done
Event: 841.992 Executing VM operation: HandshakeAllThreads (HandshakeForDeflation)
Event: 841.992 Executing VM operation: HandshakeAllThreads (HandshakeForDeflation) done
Event: 841.992 Executing VM operation: RendezvousGCThreads
Event: 841.992 Executing VM operation: RendezvousGCThreads done
Event: 921.359 Executing VM operation: G1CollectForAllocation (G1 Evacuation Pause)

Memory protections (0 events):
No events

Nmethod flushes (20 events):
Event: 249.854 Thread 0x0000025369d99a60 flushing  nmethod 0x000002535b411810
Event: 249.854 Thread 0x0000025369d99a60 flushing  nmethod 0x000002535b416b10
Event: 249.854 Thread 0x0000025369d99a60 flushing  nmethod 0x000002535b418110
Event: 249.854 Thread 0x0000025369d99a60 flushing  nmethod 0x000002535b42ee10
Event: 249.854 Thread 0x0000025369d99a60 flushing  nmethod 0x000002535b436490
Event: 249.854 Thread 0x0000025369d99a60 flushing  nmethod 0x000002535b436790
Event: 249.854 Thread 0x0000025369d99a60 flushing  nmethod 0x000002535b437110
Event: 249.854 Thread 0x0000025369d99a60 flushing  nmethod 0x000002535b45e990
Event: 249.854 Thread 0x0000025369d99a60 flushing  nmethod 0x000002535b45ee90
Event: 249.854 Thread 0x0000025369d99a60 flushing  nmethod 0x000002535b46cb90
Event: 249.854 Thread 0x0000025369d99a60 flushing  nmethod 0x000002535b46e890
Event: 249.854 Thread 0x0000025369d99a60 flushing  nmethod 0x000002535b4f6b10
Event: 249.854 Thread 0x0000025369d99a60 flushing  nmethod 0x000002535b626510
Event: 249.854 Thread 0x0000025369d99a60 flushing  nmethod 0x000002535b697490
Event: 249.854 Thread 0x0000025369d99a60 flushing  nmethod 0x000002535b6ecd10
Event: 249.854 Thread 0x0000025369d99a60 flushing  nmethod 0x000002535b6f0610
Event: 249.854 Thread 0x0000025369d99a60 flushing  nmethod 0x000002535b6f0e90
Event: 249.854 Thread 0x0000025369d99a60 flushing  nmethod 0x000002535b76ee90
Event: 249.854 Thread 0x0000025369d99a60 flushing  nmethod 0x000002535b86ae10
Event: 249.854 Thread 0x0000025369d99a60 flushing  nmethod 0x000002535b8ac490

Events (20 events):
Event: 659.797 Thread 0x00000253716bec30 Thread added: 0x00000253716c0670
Event: 660.814 Thread 0x00000253716c0670 Thread exited: 0x00000253716c0670
Event: 660.814 Thread 0x00000253716bd880 Thread exited: 0x00000253716bd880
Event: 660.822 Thread 0x00000253716bec30 Thread added: 0x00000253716bd880
Event: 661.845 Thread 0x00000253716bd880 Thread exited: 0x00000253716bd880
Event: 745.488 Thread 0x00000253716bc4d0 Thread exited: 0x00000253716bc4d0
Event: 745.488 Thread 0x00000253716bec30 Thread exited: 0x00000253716bec30
Event: 749.807 Thread 0x00000253716bcb60 Thread exited: 0x00000253716bcb60
Event: 813.414 Thread 0x000002536f4ab920 Thread added: 0x00000253716bc4d0
Event: 813.416 Thread 0x000002536f4ab920 Thread added: 0x00000253716bcb60
Event: 813.416 Thread 0x00000253716b9d70 Thread added: 0x00000253716bec30
Event: 813.420 Thread 0x000002536f44aec0 Thread added: 0x00000253716bd880
Event: 813.421 Thread 0x00000253716bd880 Thread added: 0x00000253716c0670
Event: 814.440 Thread 0x00000253716bec30 Thread exited: 0x00000253716bec30
Event: 814.440 Thread 0x00000253716c0670 Thread exited: 0x00000253716c0670
Event: 814.451 Thread 0x00000253716b9d70 Thread added: 0x00000253716bec30
Event: 815.469 Thread 0x00000253716bec30 Thread exited: 0x00000253716bec30
Event: 888.424 Thread 0x00000253716bc4d0 Thread exited: 0x00000253716bc4d0
Event: 896.974 Thread 0x00000253716bd880 Thread exited: 0x00000253716bd880
Event: 903.427 Thread 0x00000253716bcb60 Thread exited: 0x00000253716bcb60


Dynamic libraries:
0x00007ff7727a0000 - 0x00007ff7727ae000 	D:\sts-4.29.1.RELEASE\plugins\org.eclipse.justj.openjdk.hotspot.jre.full.win32.x86_64_21.0.6.v20250130-0529\jre\bin\javaw.exe
0x00007fff5e7d0000 - 0x00007fff5e9c8000 	C:\Windows\SYSTEM32\ntdll.dll
0x00007fff5d810000 - 0x00007fff5d8d2000 	C:\Windows\System32\KERNEL32.DLL
0x00007fff5c2f0000 - 0x00007fff5c5ef000 	C:\Windows\System32\KERNELBASE.dll
0x00007fff5c090000 - 0x00007fff5c190000 	C:\Windows\System32\ucrtbase.dll
0x00007fff49e30000 - 0x00007fff49e48000 	D:\sts-4.29.1.RELEASE\plugins\org.eclipse.justj.openjdk.hotspot.jre.full.win32.x86_64_21.0.6.v20250130-0529\jre\bin\jli.dll
0x00007fff34eb0000 - 0x00007fff34ece000 	D:\sts-4.29.1.RELEASE\plugins\org.eclipse.justj.openjdk.hotspot.jre.full.win32.x86_64_21.0.6.v20250130-0529\jre\bin\VCRUNTIME140.dll
0x00007fff5d180000 - 0x00007fff5d31d000 	C:\Windows\System32\USER32.dll
0x00007fff5bf90000 - 0x00007fff5bfb2000 	C:\Windows\System32\win32u.dll
0x00007fff4b080000 - 0x00007fff4b31a000 	C:\Windows\WinSxS\amd64_microsoft.windows.common-controls_6595b64144ccf1df_6.0.19041.4355_none_60b8b9eb71f62e16\COMCTL32.dll
0x00007fff5c970000 - 0x00007fff5c99b000 	C:\Windows\System32\GDI32.dll
0x00007fff5c870000 - 0x00007fff5c90e000 	C:\Windows\System32\msvcrt.dll
0x00007fff5c5f0000 - 0x00007fff5c70a000 	C:\Windows\System32\gdi32full.dll
0x00007fff5bfc0000 - 0x00007fff5c05d000 	C:\Windows\System32\msvcp_win.dll
0x00007fff5d580000 - 0x00007fff5d5af000 	C:\Windows\System32\IMM32.DLL
0x00007fff3e760000 - 0x00007fff3e76c000 	D:\sts-4.29.1.RELEASE\plugins\org.eclipse.justj.openjdk.hotspot.jre.full.win32.x86_64_21.0.6.v20250130-0529\jre\bin\vcruntime140_1.dll
0x00007fff1f5e0000 - 0x00007fff1f66d000 	D:\sts-4.29.1.RELEASE\plugins\org.eclipse.justj.openjdk.hotspot.jre.full.win32.x86_64_21.0.6.v20250130-0529\jre\bin\msvcp140.dll
0x00007ffed5570000 - 0x00007ffed6300000 	D:\sts-4.29.1.RELEASE\plugins\org.eclipse.justj.openjdk.hotspot.jre.full.win32.x86_64_21.0.6.v20250130-0529\jre\bin\server\jvm.dll
0x00007fff5de10000 - 0x00007fff5debf000 	C:\Windows\System32\ADVAPI32.dll
0x00007fff5d4d0000 - 0x00007fff5d56f000 	C:\Windows\System32\sechost.dll
0x00007fff5d3a0000 - 0x00007fff5d4c3000 	C:\Windows\System32\RPCRT4.dll
0x00007fff5c060000 - 0x00007fff5c087000 	C:\Windows\System32\bcrypt.dll
0x00007fff5d320000 - 0x00007fff5d38b000 	C:\Windows\System32\WS2_32.dll
0x00007fff5b3b0000 - 0x00007fff5b3fb000 	C:\Windows\SYSTEM32\POWRPROF.dll
0x00007fff49e00000 - 0x00007fff49e27000 	C:\Windows\SYSTEM32\WINMM.dll
0x00007fff56cc0000 - 0x00007fff56cca000 	C:\Windows\SYSTEM32\VERSION.dll
0x00007fff5b270000 - 0x00007fff5b282000 	C:\Windows\SYSTEM32\UMPDC.dll
0x00007fff59ed0000 - 0x00007fff59ee2000 	C:\Windows\SYSTEM32\kernel.appcore.dll
0x00007fff548a0000 - 0x00007fff548aa000 	D:\sts-4.29.1.RELEASE\plugins\org.eclipse.justj.openjdk.hotspot.jre.full.win32.x86_64_21.0.6.v20250130-0529\jre\bin\jimage.dll
0x00007fff59890000 - 0x00007fff59a74000 	C:\Windows\SYSTEM32\DBGHELP.DLL
0x00007fff4a190000 - 0x00007fff4a1c4000 	C:\Windows\SYSTEM32\dbgcore.DLL
0x00007fff5c710000 - 0x00007fff5c792000 	C:\Windows\System32\bcryptPrimitives.dll
0x00007fff325e0000 - 0x00007fff3261c000 	D:\sts-4.29.1.RELEASE\plugins\org.eclipse.justj.openjdk.hotspot.jre.full.win32.x86_64_21.0.6.v20250130-0529\jre\bin\jdwp.dll
0x00007fff49e50000 - 0x00007fff49e5f000 	D:\sts-4.29.1.RELEASE\plugins\org.eclipse.justj.openjdk.hotspot.jre.full.win32.x86_64_21.0.6.v20250130-0529\jre\bin\instrument.dll
0x00007fff47e20000 - 0x00007fff47e3f000 	D:\sts-4.29.1.RELEASE\plugins\org.eclipse.justj.openjdk.hotspot.jre.full.win32.x86_64_21.0.6.v20250130-0529\jre\bin\java.dll
0x00007fff5dec0000 - 0x00007fff5e62d000 	C:\Windows\System32\SHELL32.dll
0x00007fff59ef0000 - 0x00007fff5a694000 	C:\Windows\SYSTEM32\windows.storage.dll
0x00007fff5c9a0000 - 0x00007fff5ccf5000 	C:\Windows\System32\combase.dll
0x00007fff5b8a0000 - 0x00007fff5b8cb000 	C:\Windows\SYSTEM32\Wldp.dll
0x00007fff5e6c0000 - 0x00007fff5e78d000 	C:\Windows\System32\OLEAUT32.dll
0x00007fff5d760000 - 0x00007fff5d80d000 	C:\Windows\System32\SHCORE.dll
0x00007fff5c7f0000 - 0x00007fff5c845000 	C:\Windows\System32\shlwapi.dll
0x00007fff5bda0000 - 0x00007fff5bdc5000 	C:\Windows\SYSTEM32\profapi.dll
0x00007fff39d00000 - 0x00007fff39d18000 	D:\sts-4.29.1.RELEASE\plugins\org.eclipse.justj.openjdk.hotspot.jre.full.win32.x86_64_21.0.6.v20250130-0529\jre\bin\zip.dll
0x00007fff57300000 - 0x00007fff5730b000 	D:\sts-4.29.1.RELEASE\plugins\org.eclipse.justj.openjdk.hotspot.jre.full.win32.x86_64_21.0.6.v20250130-0529\jre\bin\dt_socket.dll
0x00007fff5b290000 - 0x00007fff5b2cb000 	C:\Windows\SYSTEM32\IPHLPAPI.DLL
0x00007fff5b600000 - 0x00007fff5b66c000 	C:\Windows\system32\mswsock.dll
0x00007fff5b2e0000 - 0x00007fff5b3aa000 	C:\Windows\SYSTEM32\DNSAPI.dll
0x00007fff5d390000 - 0x00007fff5d398000 	C:\Windows\System32\NSI.dll
0x0000000072820000 - 0x0000000072846000 	C:\Program Files\Bonjour\mdnsNSP.dll
0x00007fff49170000 - 0x00007fff4917a000 	C:\Windows\System32\rasadhlp.dll
0x00007fff487b0000 - 0x00007fff48830000 	C:\Windows\System32\fwpuclnt.dll
0x00007fff48ab0000 - 0x00007fff48ac0000 	D:\sts-4.29.1.RELEASE\plugins\org.eclipse.justj.openjdk.hotspot.jre.full.win32.x86_64_21.0.6.v20250130-0529\jre\bin\net.dll
0x00007fff55310000 - 0x00007fff5541a000 	C:\Windows\SYSTEM32\WINHTTP.dll
0x00007fff39970000 - 0x00007fff39986000 	D:\sts-4.29.1.RELEASE\plugins\org.eclipse.justj.openjdk.hotspot.jre.full.win32.x86_64_21.0.6.v20250130-0529\jre\bin\nio.dll
0x00007fff3e460000 - 0x00007fff3e46a000 	D:\sts-4.29.1.RELEASE\plugins\org.eclipse.justj.openjdk.hotspot.jre.full.win32.x86_64_21.0.6.v20250130-0529\jre\bin\management.dll
0x00007fff3e420000 - 0x00007fff3e42b000 	D:\sts-4.29.1.RELEASE\plugins\org.eclipse.justj.openjdk.hotspot.jre.full.win32.x86_64_21.0.6.v20250130-0529\jre\bin\management_ext.dll
0x00007fff5e6b0000 - 0x00007fff5e6b8000 	C:\Windows\System32\PSAPI.DLL
0x00007fff34d30000 - 0x00007fff34d47000 	C:\Windows\system32\napinsp.dll
0x00007fff34d10000 - 0x00007fff34d2b000 	C:\Windows\system32\pnrpnsp.dll
0x00007fff34cf0000 - 0x00007fff34d05000 	C:\Windows\system32\wshbth.dll
0x00007fff57430000 - 0x00007fff5744d000 	C:\Windows\system32\NLAapi.dll
0x00007fff34cd0000 - 0x00007fff34ce2000 	C:\Windows\System32\winrnr.dll
0x00007fff5b800000 - 0x00007fff5b818000 	C:\Windows\SYSTEM32\CRYPTSP.dll
0x00007fff5aeb0000 - 0x00007fff5aee8000 	C:\Windows\system32\rsaenh.dll
0x00007fff5bd20000 - 0x00007fff5bd4e000 	C:\Windows\SYSTEM32\USERENV.dll
0x00007fff5b7f0000 - 0x00007fff5b7fc000 	C:\Windows\SYSTEM32\CRYPTBASE.dll
0x00007fff3e8a0000 - 0x00007fff3e8a9000 	D:\sts-4.29.1.RELEASE\plugins\org.eclipse.justj.openjdk.hotspot.jre.full.win32.x86_64_21.0.6.v20250130-0529\jre\bin\extnet.dll
0x00007fff3ef90000 - 0x00007fff3efa0000 	D:\sts-4.29.1.RELEASE\plugins\org.eclipse.justj.openjdk.hotspot.jre.full.win32.x86_64_21.0.6.v20250130-0529\jre\bin\verify.dll
0x00007fff3eb60000 - 0x00007fff3eb6e000 	D:\sts-4.29.1.RELEASE\plugins\org.eclipse.justj.openjdk.hotspot.jre.full.win32.x86_64_21.0.6.v20250130-0529\jre\bin\sunmscapi.dll
0x00007fff5c190000 - 0x00007fff5c2ec000 	C:\Windows\System32\CRYPT32.dll
0x00007fff5b910000 - 0x00007fff5b937000 	C:\Windows\SYSTEM32\ncrypt.dll
0x00007fff5b8d0000 - 0x00007fff5b90b000 	C:\Windows\SYSTEM32\NTASN1.dll
0x00007fff3d4d0000 - 0x00007fff3d4d7000 	C:\Windows\system32\wshunix.dll
0x00007fff57410000 - 0x00007fff57427000 	C:\Windows\SYSTEM32\dhcpcsvc6.DLL
0x00007fff57050000 - 0x00007fff5706d000 	C:\Windows\SYSTEM32\dhcpcsvc.DLL

dbghelp: loaded successfully - version: 4.0.5 - missing functions: none
symbol engine: initialized successfully - sym options: 0x614 - pdb path: .;D:\sts-4.29.1.RELEASE\plugins\org.eclipse.justj.openjdk.hotspot.jre.full.win32.x86_64_21.0.6.v20250130-0529\jre\bin;C:\Windows\SYSTEM32;C:\Windows\WinSxS\amd64_microsoft.windows.common-controls_6595b64144ccf1df_6.0.19041.4355_none_60b8b9eb71f62e16;D:\sts-4.29.1.RELEASE\plugins\org.eclipse.justj.openjdk.hotspot.jre.full.win32.x86_64_21.0.6.v20250130-0529\jre\bin\server;C:\Program Files\Bonjour

VM Arguments:
jvm_args: -XX:+ShowCodeDetailsInExceptionMessages -agentlib:jdwp=transport=dt_socket,suspend=y,address=localhost:22097 -Dcom.sun.management.jmxremote -Dcom.sun.management.jmxremote.port=22096 -Dcom.sun.management.jmxremote.authenticate=false -Dcom.sun.management.jmxremote.ssl=false -Djava.rmi.server.hostname=localhost -Dspring.jmx.enabled=true -Dmanagement.endpoints.jmx.exposure.include=* -Dspring.application.admin.enabled=true -Dspring.output.ansi.enabled=always -XX:TieredStopAtLevel=1 -Dspring.boot.project.name=Motos -javaagent:D:\sts-4.29.1.RELEASE\configuration\org.eclipse.osgi\270\0\.cp\lib\javaagent-shaded.jar -Dfile.encoding=UTF-8 -Dstdout.encoding=UTF-8 -Dstderr.encoding=UTF-8 
java_command: com.formacion.motos.MotosApplication
java_class_path (initial): C:\Users\Andr\Downloads\Motos\target\classes;C:\Users\Andr\.m2\repository\org\springframework\boot\spring-boot-starter-web\3.4.4\spring-boot-starter-web-3.4.4.jar;C:\Users\Andr\.m2\repository\org\springframework\boot\spring-boot-starter\3.4.4\spring-boot-starter-3.4.4.jar;C:\Users\Andr\.m2\repository\org\springframework\boot\spring-boot-starter-logging\3.4.4\spring-boot-starter-logging-3.4.4.jar;C:\Users\Andr\.m2\repository\ch\qos\logback\logback-classic\1.5.18\logback-classic-1.5.18.jar;C:\Users\Andr\.m2\repository\ch\qos\logback\logback-core\1.5.18\logback-core-1.5.18.jar;C:\Users\Andr\.m2\repository\org\apache\logging\log4j\log4j-to-slf4j\2.24.3\log4j-to-slf4j-2.24.3.jar;C:\Users\Andr\.m2\repository\org\apache\logging\log4j\log4j-api\2.24.3\log4j-api-2.24.3.jar;C:\Users\Andr\.m2\repository\org\slf4j\jul-to-slf4j\2.0.17\jul-to-slf4j-2.0.17.jar;C:\Users\Andr\.m2\repository\org\yaml\snakeyaml\2.3\snakeyaml-2.3.jar;C:\Users\Andr\.m2\repository\org\springframework\boot\spring-boot-starter-json\3.4.4\spring-boot-starter-json-3.4.4.jar;C:\Users\Andr\.m2\repository\com\fasterxml\jackson\core\jackson-databind\2.18.3\jackson-databind-2.18.3.jar;C:\Users\Andr\.m2\repository\com\fasterxml\jackson\core\jackson-annotations\2.18.3\jackson-annotations-2.18.3.jar;C:\Users\Andr\.m2\repository\com\fasterxml\jackson\core\jackson-core\2.18.3\jackson-core-2.18.3.jar;C:\Users\Andr\.m2\repository\com\fasterxml\jackson\datatype\jackson-datatype-jdk8\2.18.3\jackson-datatype-jdk8-2.18.3.jar;C:\Users\Andr\.m2\repository\com\fasterxml\jackson\datatype\jackson-datatype-jsr310\2.18.3\jackson-datatype-jsr310-2.18.3.jar;C:\Users\Andr\.m2\repository\com\fasterxml\jackson\module\jackson-module-parameter-names\2.18.3\jackson-module-parameter-names-2.18.3.jar;C:\Users\Andr\.m2\repository\org\springframework\spring-web\6.2.5\spring-web-6.2.5.jar;C:\Users\Andr\.m2\repository\org\springframework\spring-beans\6.2.5\spring-beans-6.2.5.jar;C:\Users\Andr\.m2\repository\io\micrometer\micrometer-observation\1.14.5\micrometer-observation-1.14.5.jar;C:\Users\Andr\.m2\repository\io\micrometer\micrometer-commons\1.14.5\micrometer-commons-1.14.5.jar;C:\Users\Andr\.m2\repository\org\springframework\spring-webmvc\6.2.5\spring-webmvc-6.2.5.jar;C:\Users\Andr\.m2\repository\org\springframework\spring-context\6.2.5\spring-context-6.2.5.jar;C:\Users\Andr\.m2\repository\org\springframework\spring-expression\6.2.5\spring-expression-6.2.5.jar;C:\Users\Andr\.m2\repository\org\springframework\boot\spring-boot-starter-tomcat\3.4.4\spring-boot-starter-tomcat-3.4.4.jar;C:\Users\Andr\.m2\repository\jakarta\annotation\jakarta.annotation-api\2.1.1\jakarta.annotation-api-2.1.1.jar;C:\Users\Andr\.m2\repository\org\apache\tomcat\embed\tomcat-embed-core\10.1.39\tomcat-embed-core-10.1.39.jar;C:\Users\Andr\.m2\repository\org\apache\tomcat\embed\tomcat-embed-el\10.1.39\tomcat-embed-el-10.1.39.jar;C:\Users\Andr\.m2\repository\org\apache\tomcat\embed\tomcat-embed-websocket\10.1.39\tomcat-embed-websocket-10.1.39.jar;C:\Users\Andr\.m2\repository\org\slf4j\slf4j-api\2.0.17\slf4j-api-2.0.17.jar;C:\Users\Andr\.m2\repository\jakarta\xml\bind\jakarta.xml.bind-api\4.0.2\jakarta.xml.bind-api-4.0.2.jar;C:\Users\Andr\.m2\repository\jakarta\activation\jakarta.activation-api\2.1.3\jakarta.activation-api-2.1.3.jar;C:\Users\Andr\.m2\repository\net\bytebuddy\byte-buddy\1.15.11\byte-buddy-1.15.11.jar;C:\Users\Andr\.m2\repository\org\springframework\spring-core\6.2.5\spring-core-6.2.5.jar;C:\Users\Andr\.m2\repository\org\springframework\spring-jcl\6.2.5\spring-jcl-6.2.5.jar;C:\Users\Andr\.m2\repository\org\apache\tomcat\embed\tomcat-embed-jasper\10.1.39\tomcat-embed-jasper-10.1.39.jar;C:\Users\Andr\.m2\repository\org\eclipse\jdt\ecj\3.33.0\ecj-3.33.0.jar;C:\Users\Andr\.m2\repository\org\glassfish\web\jakarta.servlet.jsp.jstl\3.0.1\jakarta.servlet.jsp.jstl-3.0.1.jar;C:\Users\Andr\.m2\repository\org\springframework\boot\spring-boot-devtools\3.4.4\spring-boot-devtools-3.4.4.jar;C:\Users\Andr\.m2\repository\org\springframework\boot\spring-boot\3.4.4\spring-boot-3.4.4.jar;C:\Users\Andr\.m2\repository\org\springframework\boot\spring-boot-autoconfigure\3.4.4\spring-boot-autoconfigure-3.4.4.jar;C:\Users\Andr\.m2\repository\org\projectlombok\lombok\1.18.36\lombok-1.18.36.jar;C:\Users\Andr\.m2\repository\org\springframework\boot\spring-boot-starter-data-jpa\3.4.4\spring-boot-starter-data-jpa-3.4.4.jar;C:\Users\Andr\.m2\repository\org\springframework\boot\spring-boot-starter-jdbc\3.4.4\spring-boot-starter-jdbc-3.4.4.jar;C:\Users\Andr\.m2\repository\com\zaxxer\HikariCP\5.1.0\HikariCP-5.1.0.jar;C:\Users\Andr\.m2\repository\org\springframework\spring-jdbc\6.2.5\spring-jdbc-6.2.5.jar;C:\Users\Andr\.m2\repository\org\hibernate\orm\hibernate-core\6.6.11.Final\hibernate-core-6.6.11.Final.jar;C:\Users\Andr\.m2\repository\jakarta\persistence\jakarta.persistence-api\3.1.0\jakarta.persistence-api-3.1.0.jar;C:\Users\Andr\.m2\repository\jakarta\transaction\jakarta.transaction-api\2.0.1\jakarta.transaction-api-2.0.1.jar;C:\Users\Andr\.m2\repository\org\jboss\logging\jboss-logging\3.6.1.Final\jboss-logging-3.6.1.Final.jar;C:\Users\Andr\.m2\repository\org\hibernate\common\hibernate-commons-annotations\7.0.3.Final\hibernate-commons-annotations-7.0.3.Final.jar;C:\Users\Andr\.m2\repository\io\smallrye\jandex\3.2.0\jandex-3.2.0.jar;C:\Users\Andr\.m2\repository\com\fasterxml\classmate\1.7.0\classmate-1.7.0.jar;C:\Users\Andr\.m2\repository\org\glassfish\jaxb\jaxb-runtime\4.0.5\jaxb-runtime-4.0.5.jar;C:\Users\Andr\.m2\repository\org\glassfish\jaxb\jaxb-core\4.0.5\jaxb-core-4.0.5.jar;C:\Users\Andr\.m2\repository\org\eclipse\angus\angus-activation\2.0.2\angus-activation-2.0.2.jar;C:\Users\Andr\.m2\repository\org\glassfish\jaxb\txw2\4.0.5\txw2-4.0.5.jar;C:\Users\Andr\.m2\repository\com\sun\istack\istack-commons-runtime\4.1.2\istack-commons-runtime-4.1.2.jar;C:\Users\Andr\.m2\repository\jakarta\inject\jakarta.inject-api\2.0.1\jakarta.inject-api-2.0.1.jar;C:\Users\Andr\.m2\repository\org\antlr\antlr4-runtime\4.13.0\antlr4-runtime-4.13.0.jar;C:\Users\Andr\.m2\repository\org\springframework\data\spring-data-jpa\3.4.4\spring-data-jpa-3.4.4.jar;C:\Users\Andr\.m2\repository\org\springframework\data\spring-data-commons\3.4.4\spring-data-commons-3.4.4.jar;C:\Users\Andr\.m2\repository\org\springframework\spring-orm\6.2.5\spring-orm-6.2.5.jar;C:\Users\Andr\.m2\repository\org\springframework\spring-tx\6.2.5\spring-tx-6.2.5.jar;C:\Users\Andr\.m2\repository\org\springframework\spring-aspects\6.2.5\spring-aspects-6.2.5.jar;C:\Users\Andr\.m2\repository\org\aspectj\aspectjweaver\1.9.23\aspectjweaver-1.9.23.jar;C:\Users\Andr\.m2\repository\com\mysql\mysql-connector-j\9.1.0\mysql-connector-j-9.1.0.jar;C:\Users\Andr\.m2\repository\org\springframework\boot\spring-boot-starter-security\3.4.4\spring-boot-starter-security-3.4.4.jar;C:\Users\Andr\.m2\repository\org\springframework\spring-aop\6.2.5\spring-aop-6.2.5.jar;C:\Users\Andr\.m2\repository\org\springframework\security\spring-security-config\6.4.4\spring-security-config-6.4.4.jar;C:\Users\Andr\.m2\repository\org\springframework\security\spring-security-web\6.4.4\spring-security-web-6.4.4.jar;C:\Users\Andr\.m2\repository\org\springframework\security\spring-security-core\6.4.4\spring-security-core-6.4.4.jar;C:\Users\Andr\.m2\repository\org\springframework\security\spring-security-crypto\6.4.4\spring-security-crypto-6.4.4.jar;C:\Users\Andr\.m2\repository\org\springframework\boot\spring-boot-starter-webflux\3.4.4\spring-boot-starter-webflux-3.4.4.jar;C:\Users\Andr\.m2\repository\org\springframework\boot\spring-boot-starter-reactor-netty\3.4.4\spring-boot-starter-reactor-netty-3.4.4.jar;C:\Users\Andr\.m2\repository\io\projectreactor\netty\reactor-netty-http\1.2.4\reactor-netty-http-1.2.4.jar;C:\Users\Andr\.m2\repository\io\netty\netty-codec-http\4.1.119.Final\netty-codec-http-4.1.119.Final.jar;C:\Users\Andr\.m2\repository\io\netty\netty-common\4.1.119.Final\netty-common-4.1.119.Final.jar;C:\Users\Andr\.m2\repository\io\netty\netty-buffer\4.1.119.Final\netty-buffer-4.1.119.Final.jar;C:\Users\Andr\.m2\repository\io\netty\netty-transport\4.1.119.Final\netty-transport-4.1.119.Final.jar;C:\Users\Andr\.m2\repository\io\netty\netty-codec\4.1.119.Final\netty-codec-4.1.119.Final.jar;C:\Users\Andr\.m2\repository\io\netty\netty-handler\4.1.119.Final\netty-handler-4.1.119.Final.jar;C:\Users\Andr\.m2\repository\io\netty\netty-codec-http2\4.1.119.Final\netty-codec-http2-4.1.119.Final.jar;C:\Users\Andr\.m2\repository\io\netty\netty-resolver-dns\4.1.119.Final\netty-resolver-dns-4.1.119.Final.jar;C:\Users\Andr\.m2\repository\io\netty\netty-resolver\4.1.119.Final\netty-resolver-4.1.119.Final.jar;C:\Users\Andr\.m2\repository\io\netty\netty-codec-dns\4.1.119.Final\netty-codec-dns-4.1.119.Final.jar;C:\Users\Andr\.m2\repository\io\netty\netty-resolver-dns-native-macos\4.1.119.Final\netty-resolver-dns-native-macos-4.1.119.Final-osx-x86_64.jar;C:\Users\Andr\.m2\repository\io\netty\netty-resolver-dns-classes-macos\4.1.119.Final\netty-resolver-dns-classes-macos-4.1.119.Final.jar;C:\Users\Andr\.m2\repository\io\netty\netty-transport-native-epoll\4.1.119.Final\netty-transport-native-epoll-4.1.119.Final-linux-x86_64.jar;C:\Users\Andr\.m2\repository\io\netty\netty-transport-native-unix-common\4.1.119.Final\netty-transport-native-unix-common-4.1.119.Final.jar;C:\Users\Andr\.m2\repository\io\netty\netty-transport-classes-epoll\4.1.119.Final\netty-transport-classes-epoll-4.1.119.Final.jar;C:\Users\Andr\.m2\repository\io\projectreactor\netty\reactor-netty-core\1.2.4\reactor-netty-core-1.2.4.jar;C:\Users\Andr\.m2\repository\io\netty\netty-handler-proxy\4.1.119.Final\netty-handler-proxy-4.1.119.Final.jar;C:\Users\Andr\.m2\repository\io\netty\netty-codec-socks\4.1.119.Final\netty-codec-socks-4.1.119.Final.jar;C:\Users\Andr\.m2\repository\org\springframework\spring-webflux\6.2.5\spring-webflux-6.2.5.jar;C:\Users\Andr\.m2\repository\io\projectreactor\reactor-core\3.7.4\reactor-core-3.7.4.jar;C:\Users\Andr\.m2\repository\org\reactivestreams\reactive-streams\1.0.4\reactive-streams-1.0.4.jar
Launcher Type: SUN_STANDARD

[Global flags]
     intx CICompilerCount                          = 4                                         {product} {ergonomic}
     uint ConcGCThreads                            = 2                                         {product} {ergonomic}
     uint G1ConcRefinementThreads                  = 8                                         {product} {ergonomic}
   size_t G1HeapRegionSize                         = 4194304                                   {product} {ergonomic}
    uintx GCDrainStackTargetSize                   = 64                                        {product} {ergonomic}
   size_t InitialHeapSize                          = 536870912                                 {product} {ergonomic}
     bool ManagementServer                         = true                                      {product} {command line}
   size_t MarkStackSize                            = 4194304                                   {product} {ergonomic}
   size_t MaxHeapSize                              = 8547991552                                {product} {ergonomic}
   size_t MaxNewSize                               = 5125439488                                {product} {ergonomic}
   size_t MinHeapDeltaBytes                        = 4194304                                   {product} {ergonomic}
   size_t MinHeapSize                              = 8388608                                   {product} {ergonomic}
    uintx NonNMethodCodeHeapSize                   = 4096                                   {pd product} {ergonomic}
    uintx NonProfiledCodeHeapSize                  = 0                                      {pd product} {ergonomic}
     bool ProfileInterpreter                       = false                                  {pd product} {command line}
    uintx ProfiledCodeHeapSize                     = 0                                      {pd product} {ergonomic}
     bool ShowCodeDetailsInExceptionMessages       = true                                   {manageable} {command line}
   size_t SoftMaxHeapSize                          = 8547991552                             {manageable} {ergonomic}
     intx TieredStopAtLevel                        = 1                                         {product} {command line}
     bool UseCompressedOops                        = true                           {product lp64_product} {ergonomic}
     bool UseG1GC                                  = true                                      {product} {ergonomic}
     bool UseLargePagesIndividualAllocation        = false                                  {pd product} {ergonomic}

Logging:
Log output configuration:
 #0: stdout all=warning uptime,level,tags foldmultilines=false
 #1: stderr all=off uptime,level,tags foldmultilines=false

Environment Variables:
JAVA_HOME=C:\Program Files\BellSoft\LibericaJRE-8-Full\
PATH=D:\sts-4.29.1.RELEASE\plugins\org.eclipse.justj.openjdk.hotspot.jre.full.win32.x86_64_21.0.6.v20250130-0529\jre\bin;D:/sts-4.29.1.RELEASE//plugins/org.eclipse.justj.openjdk.hotspot.jre.full.win32.x86_64_21.0.6.v20250130-0529/jre/bin/server;D:/sts-4.29.1.RELEASE//plugins/org.eclipse.justj.openjdk.hotspot.jre.full.win32.x86_64_21.0.6.v20250130-0529/jre/bin;C:\ProgramData\Oracle\Java\javapath;C:\Program Files\Oculus\Support\oculus-runtime;C:\Program Files\Eclipse Adoptium\jdk-17.0.7.7-hotspot\bin;C:\Program Files\BellSoft\LibericaJRE-8-Full\bin\;C:\Windows\system32;C:\Windows;C:\Windows\System32\Wbem;C:\Windows\System32\WindowsPowerShell\v1.0\;C:\Windows\System32\OpenSSH\;C:\Program Files (x86)\NVIDIA Corporation\PhysX\Common;C:\Program Files\dotnet\;C:\Program Files\PuTTY\;C:\Program Files\Git\cmd;C:\Users\Andr\AppData\Local\Microsoft\WindowsApps;;C:\Users\Andr\AppData\Local\Programs\Microsoft VS Code\bin;D:\sts-4.29.1.RELEASE;
USERNAME=Andre
OS=Windows_NT
PROCESSOR_IDENTIFIER=Intel64 Family 6 Model 165 Stepping 2, GenuineIntel
TMP=C:\Users\ANDR~1\AppData\Local\Temp
TEMP=C:\Users\ANDR~1\AppData\Local\Temp




Periodic native trim disabled

---------------  S Y S T E M  ---------------

OS:
 Windows 10 , 64 bit Build 19041 (10.0.19041.5438)
OS uptime: 14 days 16:47 hours

CPU: total 8 (initial active 8) (4 cores per cpu, 2 threads per core) family 6 model 165 stepping 2 microcode 0xc8, cx8, cmov, fxsr, ht, mmx, 3dnowpref, sse, sse2, sse3, ssse3, sse4.1, sse4.2, popcnt, lzcnt, tsc, tscinvbit, avx, avx2, aes, erms, clmul, bmi1, bmi2, adx, fma, vzeroupper, clflush, clflushopt, rdtscp, f16c, pku
Processor Information for the first 8 processors :
  Max Mhz: 2496, Current Mhz: 2496, Mhz Limit: 2496

Memory: 4k page, system-wide physical 32605M (15099M free)
TotalPageFile size 41829M (AvailPageFile size 11729M)
current process WorkingSet (physical memory assigned to process): 309M, peak: 315M
current process commit charge ("private bytes"): 340M, peak: 638M

vm_info: OpenJDK 64-Bit Server VM (21.0.6+7-LTS) for windows-amd64 JRE (21.0.6+7-LTS), built on 2025-01-21T00:00:00Z by "admin" with MS VC++ 17.7 (VS2022)

END.
